000 (778494.000.000) 2023-11-06 10:59:36 Job submitted from host: <128.83.120.183:9618?addrs=128.83.120.183-9618&alias=darmok.cs.utexas.edu&noUDP&sock=schedd_1340_b4ff>
...
001 (778494.000.000) 2023-11-06 10:59:45 Job executing on host: <128.83.120.193:9618?addrs=128.83.120.193-9618&alias=nandor-4.cs.utexas.edu&noUDP&sock=startd_2573_7145>
...
006 (778494.000.000) 2023-11-06 10:59:54 Image size of job updated: 362868
	215  -  MemoryUsage of job (MB)
	219376  -  ResidentSetSize of job (KB)
...
006 (778494.000.000) 2023-11-06 11:04:55 Image size of job updated: 53072300
	3661  -  MemoryUsage of job (MB)
	3748556  -  ResidentSetSize of job (KB)
...
006 (778494.000.000) 2023-11-06 11:09:56 Image size of job updated: 53072432
	3661  -  MemoryUsage of job (MB)
	3748660  -  ResidentSetSize of job (KB)
...
006 (778494.000.000) 2023-11-06 11:14:56 Image size of job updated: 53072564
	3661  -  MemoryUsage of job (MB)
	3748724  -  ResidentSetSize of job (KB)
...
006 (778494.000.000) 2023-11-06 11:39:59 Image size of job updated: 53072564
	3661  -  MemoryUsage of job (MB)
	3748768  -  ResidentSetSize of job (KB)
...
006 (778494.000.000) 2023-11-06 11:44:59 Image size of job updated: 53072820
	3786  -  MemoryUsage of job (MB)
	3876348  -  ResidentSetSize of job (KB)
...
006 (778494.000.000) 2023-11-06 11:49:59 Image size of job updated: 53072820
	3900  -  MemoryUsage of job (MB)
	3992772  -  ResidentSetSize of job (KB)
...
006 (778494.000.000) 2023-11-06 12:00:01 Image size of job updated: 53072820
	3941  -  MemoryUsage of job (MB)
	4034808  -  ResidentSetSize of job (KB)
...
006 (778494.000.000) 2023-11-06 12:05:01 Image size of job updated: 53072820
	3965  -  MemoryUsage of job (MB)
	4060064  -  ResidentSetSize of job (KB)
...
006 (778494.000.000) 2023-11-06 12:10:01 Image size of job updated: 53072820
	3979  -  MemoryUsage of job (MB)
	4073772  -  ResidentSetSize of job (KB)
...
006 (778494.000.000) 2023-11-06 12:15:02 Image size of job updated: 53072820
	3993  -  MemoryUsage of job (MB)
	4088508  -  ResidentSetSize of job (KB)
...
006 (778494.000.000) 2023-11-06 12:20:02 Image size of job updated: 53072820
	4023  -  MemoryUsage of job (MB)
	4118776  -  ResidentSetSize of job (KB)
...
006 (778494.000.000) 2023-11-06 12:25:02 Image size of job updated: 53072820
	4064  -  MemoryUsage of job (MB)
	4161052  -  ResidentSetSize of job (KB)
...
006 (778494.000.000) 2023-11-06 12:30:03 Image size of job updated: 53072820
	4066  -  MemoryUsage of job (MB)
	4163012  -  ResidentSetSize of job (KB)
...
006 (778494.000.000) 2023-11-06 12:35:03 Image size of job updated: 53072820
	4097  -  MemoryUsage of job (MB)
	4194848  -  ResidentSetSize of job (KB)
...
006 (778494.000.000) 2023-11-06 12:40:03 Image size of job updated: 53072820
	4100  -  MemoryUsage of job (MB)
	4197384  -  ResidentSetSize of job (KB)
...
006 (778494.000.000) 2023-11-06 12:45:04 Image size of job updated: 53072820
	4117  -  MemoryUsage of job (MB)
	4214928  -  ResidentSetSize of job (KB)
...
006 (778494.000.000) 2023-11-06 12:50:05 Image size of job updated: 53072820
	4156  -  MemoryUsage of job (MB)
	4254724  -  ResidentSetSize of job (KB)
...
006 (778494.000.000) 2023-11-06 12:55:05 Image size of job updated: 53072820
	4156  -  MemoryUsage of job (MB)
	4255264  -  ResidentSetSize of job (KB)
...
005 (778494.000.000) 2023-11-06 12:56:48 Job terminated.
	(1) Normal termination (return value 0)
		Usr 0 01:53:50, Sys 0 00:06:37  -  Run Remote Usage
		Usr 0 00:00:00, Sys 0 00:00:00  -  Run Local Usage
		Usr 0 01:53:50, Sys 0 00:06:37  -  Total Remote Usage
		Usr 0 00:00:00, Sys 0 00:00:00  -  Total Local Usage
	0  -  Run Bytes Sent By Job
	0  -  Run Bytes Received By Job
	0  -  Total Bytes Sent By Job
	0  -  Total Bytes Received By Job
	Partitionable Resources :    Usage  Request Allocated Assigned
	   Cpus                 :     1.05       80        80 
	   Disk (KB)            :     1           1     75272 
	   Gpus (Average)       :     0.36        8         8 "GPU-a7665566,GPU-9423a95c,GPU-84b2bd7f,GPU-121b62ae,GPU-e8cbc9c3,GPU-f7ea2d9a,GPU-95932b35,GPU-3f4a9df4"
	   GpusMemory (MB)      :   353                       
	   Memory (MB)          :  4156           1       128 

	Job terminated of its own accord at 2023-11-06T18:56:48Z.
...
000 (779198.000.000) 2023-11-07 20:07:20 Job submitted from host: <128.83.120.183:9618?addrs=128.83.120.183-9618&alias=darmok.cs.utexas.edu&noUDP&sock=schedd_1340_b4ff>
...
001 (779198.000.000) 2023-11-07 20:07:24 Job executing on host: <128.83.120.196:9618?addrs=128.83.120.196-9618&alias=nandor-5.cs.utexas.edu&noUDP&sock=startd_2561_3622>
...
006 (779198.000.000) 2023-11-07 20:07:32 Image size of job updated: 5046748
	272  -  MemoryUsage of job (MB)
	278156  -  ResidentSetSize of job (KB)
...
006 (779198.000.000) 2023-11-07 20:12:32 Image size of job updated: 53764876
	3666  -  MemoryUsage of job (MB)
	3753808  -  ResidentSetSize of job (KB)
...
006 (779198.000.000) 2023-11-07 20:17:33 Image size of job updated: 53764876
	3666  -  MemoryUsage of job (MB)
	3753856  -  ResidentSetSize of job (KB)
...
006 (779198.000.000) 2023-11-07 20:22:33 Image size of job updated: 53764876
	3666  -  MemoryUsage of job (MB)
	3753860  -  ResidentSetSize of job (KB)
...
006 (779198.000.000) 2023-11-07 20:32:34 Image size of job updated: 53765028
	3666  -  MemoryUsage of job (MB)
	3753912  -  ResidentSetSize of job (KB)
...
006 (779198.000.000) 2023-11-07 20:52:37 Image size of job updated: 53765284
	3666  -  MemoryUsage of job (MB)
	3753964  -  ResidentSetSize of job (KB)
...
006 (779198.000.000) 2023-11-07 20:57:37 Image size of job updated: 53765284
	3666  -  MemoryUsage of job (MB)
	3753972  -  ResidentSetSize of job (KB)
...
006 (779198.000.000) 2023-11-07 21:02:38 Image size of job updated: 53765284
	3826  -  MemoryUsage of job (MB)
	3917520  -  ResidentSetSize of job (KB)
...
006 (779198.000.000) 2023-11-07 21:12:39 Image size of job updated: 53765284
	3919  -  MemoryUsage of job (MB)
	4012508  -  ResidentSetSize of job (KB)
...
006 (779198.000.000) 2023-11-07 21:17:40 Image size of job updated: 53765284
	3935  -  MemoryUsage of job (MB)
	4028764  -  ResidentSetSize of job (KB)
...
006 (779198.000.000) 2023-11-07 21:22:41 Image size of job updated: 53765284
	3953  -  MemoryUsage of job (MB)
	4047016  -  ResidentSetSize of job (KB)
...
006 (779198.000.000) 2023-11-07 21:27:41 Image size of job updated: 53765284
	3971  -  MemoryUsage of job (MB)
	4065884  -  ResidentSetSize of job (KB)
...
006 (779198.000.000) 2023-11-07 21:32:41 Image size of job updated: 53765284
	3978  -  MemoryUsage of job (MB)
	4073064  -  ResidentSetSize of job (KB)
...
006 (779198.000.000) 2023-11-07 21:37:42 Image size of job updated: 53765284
	4004  -  MemoryUsage of job (MB)
	4099288  -  ResidentSetSize of job (KB)
...
006 (779198.000.000) 2023-11-07 21:42:42 Image size of job updated: 53765284
	4015  -  MemoryUsage of job (MB)
	4110740  -  ResidentSetSize of job (KB)
...
006 (779198.000.000) 2023-11-07 21:47:42 Image size of job updated: 53765284
	4048  -  MemoryUsage of job (MB)
	4144164  -  ResidentSetSize of job (KB)
...
005 (779198.000.000) 2023-11-07 21:49:46 Job terminated.
	(1) Normal termination (return value 0)
		Usr 0 01:38:55, Sys 0 00:06:57  -  Run Remote Usage
		Usr 0 00:00:00, Sys 0 00:00:00  -  Run Local Usage
		Usr 0 01:38:55, Sys 0 00:06:57  -  Total Remote Usage
		Usr 0 00:00:00, Sys 0 00:00:00  -  Total Local Usage
	0  -  Run Bytes Sent By Job
	0  -  Run Bytes Received By Job
	0  -  Total Bytes Sent By Job
	0  -  Total Bytes Received By Job
	Partitionable Resources :    Usage  Request Allocated Assigned
	   Cpus                 :     1.05       80        80 
	   Disk (KB)            :     1           1     75272 
	   Gpus (Average)       :     0.49        8         8 "GPU-686e454b,GPU-cb8ab85b,GPU-83975600,GPU-6f99e44b,GPU-55ef9753,GPU-1a6765ed,GPU-ba79a9e9,GPU-7e0616d1"
	   GpusMemory (MB)      :   353                       
	   Memory (MB)          :  4048           1       128 

	Job terminated of its own accord at 2023-11-08T03:49:46Z.
...
000 (781299.000.000) 2023-11-08 17:38:01 Job submitted from host: <128.83.120.183:9618?addrs=128.83.120.183-9618&alias=darmok.cs.utexas.edu&noUDP&sock=schedd_1340_b4ff>
...
001 (781299.000.000) 2023-11-08 17:38:03 Job executing on host: <128.83.120.196:9618?addrs=128.83.120.196-9618&alias=nandor-5.cs.utexas.edu&noUDP&sock=startd_2561_3622>
...
006 (781299.000.000) 2023-11-08 17:38:12 Image size of job updated: 285504
	143  -  MemoryUsage of job (MB)
	146400  -  ResidentSetSize of job (KB)
...
006 (781299.000.000) 2023-11-08 17:43:13 Image size of job updated: 53764164
	3665  -  MemoryUsage of job (MB)
	3752204  -  ResidentSetSize of job (KB)
...
006 (781299.000.000) 2023-11-08 17:48:14 Image size of job updated: 53764164
	3665  -  MemoryUsage of job (MB)
	3752272  -  ResidentSetSize of job (KB)
...
005 (781299.000.000) 2023-11-08 17:50:53 Job terminated.
	(1) Normal termination (return value 1)
		Usr 0 00:11:15, Sys 0 00:01:00  -  Run Remote Usage
		Usr 0 00:00:00, Sys 0 00:00:00  -  Run Local Usage
		Usr 0 00:11:15, Sys 0 00:01:00  -  Total Remote Usage
		Usr 0 00:00:00, Sys 0 00:00:00  -  Total Local Usage
	0  -  Run Bytes Sent By Job
	0  -  Run Bytes Received By Job
	0  -  Total Bytes Sent By Job
	0  -  Total Bytes Received By Job
	Partitionable Resources :    Usage  Request Allocated Assigned
	   Cpus                 :     1.00       80        80 
	   Disk (KB)            :     1           1     75272 
	   Gpus (Average)       :     0.80        8         8 "GPU-686e454b,GPU-cb8ab85b,GPU-83975600,GPU-6f99e44b,GPU-55ef9753,GPU-1a6765ed,GPU-ba79a9e9,GPU-7e0616d1"
	   GpusMemory (MB)      :   353                       
	   Memory (MB)          :  3665           1       128 

	Job terminated of its own accord at 2023-11-08T23:50:53Z.
...
000 (781300.000.000) 2023-11-08 18:11:17 Job submitted from host: <128.83.120.183:9618?addrs=128.83.120.183-9618&alias=darmok.cs.utexas.edu&noUDP&sock=schedd_1340_b4ff>
...
001 (781300.000.000) 2023-11-08 18:11:39 Job executing on host: <128.83.120.196:9618?addrs=128.83.120.196-9618&alias=nandor-5.cs.utexas.edu&noUDP&sock=startd_2561_3622>
...
006 (781300.000.000) 2023-11-08 18:11:48 Image size of job updated: 378572
	225  -  MemoryUsage of job (MB)
	230400  -  ResidentSetSize of job (KB)
...
006 (781300.000.000) 2023-11-08 18:16:49 Image size of job updated: 53636240
	3665  -  MemoryUsage of job (MB)
	3752156  -  ResidentSetSize of job (KB)
...
006 (781300.000.000) 2023-11-08 18:21:49 Image size of job updated: 53636240
	3665  -  MemoryUsage of job (MB)
	3752168  -  ResidentSetSize of job (KB)
...
006 (781300.000.000) 2023-11-08 18:26:50 Image size of job updated: 53636392
	3665  -  MemoryUsage of job (MB)
	3752208  -  ResidentSetSize of job (KB)
...
006 (781300.000.000) 2023-11-08 18:31:51 Image size of job updated: 53636392
	3665  -  MemoryUsage of job (MB)
	3752212  -  ResidentSetSize of job (KB)
...
006 (781300.000.000) 2023-11-08 18:36:51 Image size of job updated: 53636392
	3665  -  MemoryUsage of job (MB)
	3752272  -  ResidentSetSize of job (KB)
...
006 (781300.000.000) 2023-11-08 18:51:53 Image size of job updated: 53636392
	3665  -  MemoryUsage of job (MB)
	3752280  -  ResidentSetSize of job (KB)
...
006 (781300.000.000) 2023-11-08 18:56:53 Image size of job updated: 53636392
	3665  -  MemoryUsage of job (MB)
	3752316  -  ResidentSetSize of job (KB)
...
006 (781300.000.000) 2023-11-08 19:01:54 Image size of job updated: 53636648
	3665  -  MemoryUsage of job (MB)
	3752356  -  ResidentSetSize of job (KB)
...
006 (781300.000.000) 2023-11-08 19:06:54 Image size of job updated: 53636784
	3827  -  MemoryUsage of job (MB)
	3918736  -  ResidentSetSize of job (KB)
...
006 (781300.000.000) 2023-11-08 19:11:54 Image size of job updated: 53636784
	3889  -  MemoryUsage of job (MB)
	3981696  -  ResidentSetSize of job (KB)
...
006 (781300.000.000) 2023-11-08 19:16:55 Image size of job updated: 53636784
	3911  -  MemoryUsage of job (MB)
	4004184  -  ResidentSetSize of job (KB)
...
006 (781300.000.000) 2023-11-08 19:21:55 Image size of job updated: 53636784
	3931  -  MemoryUsage of job (MB)
	4025332  -  ResidentSetSize of job (KB)
...
006 (781300.000.000) 2023-11-08 19:26:55 Image size of job updated: 53636784
	3955  -  MemoryUsage of job (MB)
	4049240  -  ResidentSetSize of job (KB)
...
006 (781300.000.000) 2023-11-08 19:31:56 Image size of job updated: 53636784
	3979  -  MemoryUsage of job (MB)
	4073684  -  ResidentSetSize of job (KB)
...
006 (781300.000.000) 2023-11-08 19:36:56 Image size of job updated: 53636784
	3989  -  MemoryUsage of job (MB)
	4083716  -  ResidentSetSize of job (KB)
...
006 (781300.000.000) 2023-11-08 19:46:57 Image size of job updated: 53636784
	4012  -  MemoryUsage of job (MB)
	4108028  -  ResidentSetSize of job (KB)
...
006 (781300.000.000) 2023-11-08 19:51:58 Image size of job updated: 53636784
	4041  -  MemoryUsage of job (MB)
	4137816  -  ResidentSetSize of job (KB)
...
006 (781300.000.000) 2023-11-08 19:56:58 Image size of job updated: 53636784
	4049  -  MemoryUsage of job (MB)
	4145600  -  ResidentSetSize of job (KB)
...
005 (781300.000.000) 2023-11-08 19:57:44 Job terminated.
	(1) Normal termination (return value 0)
		Usr 0 01:42:31, Sys 0 00:06:58  -  Run Remote Usage
		Usr 0 00:00:00, Sys 0 00:00:00  -  Run Local Usage
		Usr 0 01:42:31, Sys 0 00:06:58  -  Total Remote Usage
		Usr 0 00:00:00, Sys 0 00:00:00  -  Total Local Usage
	0  -  Run Bytes Sent By Job
	0  -  Run Bytes Received By Job
	0  -  Total Bytes Sent By Job
	0  -  Total Bytes Received By Job
	Partitionable Resources :    Usage  Request Allocated Assigned
	   Cpus                 :     1.05       80        80 
	   Disk (KB)            :     1           1     75272 
	   Gpus (Average)       :     0.46        8         8 "GPU-686e454b,GPU-cb8ab85b,GPU-83975600,GPU-6f99e44b,GPU-55ef9753,GPU-1a6765ed,GPU-ba79a9e9,GPU-7e0616d1"
	   GpusMemory (MB)      :   353                       
	   Memory (MB)          :  4049           1       128 

	Job terminated of its own accord at 2023-11-09T01:57:44Z.
...
000 (784082.000.000) 2023-11-09 15:49:11 Job submitted from host: <128.83.120.183:9618?addrs=128.83.120.183-9618&alias=darmok.cs.utexas.edu&noUDP&sock=schedd_1340_b4ff>
...
009 (784082.000.000) 2023-11-09 15:50:03 Job was aborted.
	via condor_rm (by user marco)
...
000 (792662.000.000) 2023-11-14 00:24:36 Job submitted from host: <128.83.120.183:9618?addrs=128.83.120.183-9618&alias=darmok.cs.utexas.edu&noUDP&sock=schedd_1340_b4ff>
...
001 (792662.000.000) 2023-11-14 00:24:47 Job executing on host: <128.83.120.179:9618?addrs=128.83.120.179-9618&alias=nandor-3.cs.utexas.edu&noUDP&sock=startd_2548_4b67>
...
006 (792662.000.000) 2023-11-14 00:24:56 Image size of job updated: 315012
	171  -  MemoryUsage of job (MB)
	174412  -  ResidentSetSize of job (KB)
...
006 (792662.000.000) 2023-11-14 00:29:57 Image size of job updated: 55427508
	3753  -  MemoryUsage of job (MB)
	3842508  -  ResidentSetSize of job (KB)
...
006 (792662.000.000) 2023-11-14 00:49:58 Image size of job updated: 55428212
	3754  -  MemoryUsage of job (MB)
	3843244  -  ResidentSetSize of job (KB)
...
006 (792662.000.000) 2023-11-14 01:15:01 Image size of job updated: 55428692
	3754  -  MemoryUsage of job (MB)
	3843880  -  ResidentSetSize of job (KB)
...
006 (792662.000.000) 2023-11-14 02:45:10 Image size of job updated: 55428948
	3754  -  MemoryUsage of job (MB)
	3843964  -  ResidentSetSize of job (KB)
...
006 (792662.000.000) 2023-11-14 05:10:25 Image size of job updated: 55428948
	4009  -  MemoryUsage of job (MB)
	4105164  -  ResidentSetSize of job (KB)
...
006 (792662.000.000) 2023-11-14 05:15:25 Image size of job updated: 55428948
	4122  -  MemoryUsage of job (MB)
	4220256  -  ResidentSetSize of job (KB)
...
006 (792662.000.000) 2023-11-14 05:20:26 Image size of job updated: 55428948
	4155  -  MemoryUsage of job (MB)
	4253860  -  ResidentSetSize of job (KB)
...
006 (792662.000.000) 2023-11-14 05:30:26 Image size of job updated: 55428948
	4181  -  MemoryUsage of job (MB)
	4281028  -  ResidentSetSize of job (KB)
...
006 (792662.000.000) 2023-11-14 05:35:27 Image size of job updated: 55428948
	4215  -  MemoryUsage of job (MB)
	4315276  -  ResidentSetSize of job (KB)
...
006 (792662.000.000) 2023-11-14 05:40:28 Image size of job updated: 55428948
	4238  -  MemoryUsage of job (MB)
	4339244  -  ResidentSetSize of job (KB)
...
006 (792662.000.000) 2023-11-14 05:45:28 Image size of job updated: 55428948
	4238  -  MemoryUsage of job (MB)
	4339412  -  ResidentSetSize of job (KB)
...
006 (792662.000.000) 2023-11-14 05:50:29 Image size of job updated: 55428948
	4238  -  MemoryUsage of job (MB)
	4339616  -  ResidentSetSize of job (KB)
...
006 (792662.000.000) 2023-11-14 05:55:30 Image size of job updated: 55428948
	4239  -  MemoryUsage of job (MB)
	4340472  -  ResidentSetSize of job (KB)
...
006 (792662.000.000) 2023-11-14 06:00:30 Image size of job updated: 55428948
	4250  -  MemoryUsage of job (MB)
	4351452  -  ResidentSetSize of job (KB)
...
005 (792662.000.000) 2023-11-14 06:03:47 Job terminated.
	(1) Normal termination (return value 0)
		Usr 0 05:22:03, Sys 0 00:18:54  -  Run Remote Usage
		Usr 0 00:00:00, Sys 0 00:00:00  -  Run Local Usage
		Usr 0 05:22:03, Sys 0 00:18:54  -  Total Remote Usage
		Usr 0 00:00:00, Sys 0 00:00:00  -  Total Local Usage
	0  -  Run Bytes Sent By Job
	0  -  Run Bytes Received By Job
	0  -  Total Bytes Sent By Job
	0  -  Total Bytes Received By Job
	Partitionable Resources :    Usage  Request Allocated Assigned
	   Cpus                 :     1.14       80        80 
	   Disk (KB)            :     1           1     75272 
	   Gpus (Average)       :     0.27        8         8 "GPU-2c5b90a7,GPU-f8e16bcc,GPU-ff4b36e5,GPU-eae33a14,GPU-bb67ad3a,GPU-1bdcb1ac,GPU-2e4fe718,GPU-71e3dafb"
	   GpusMemory (MB)      :   353                       
	   Memory (MB)          :  4250           1       128 

	Job terminated of its own accord at 2023-11-14T12:03:47Z.
...
000 (797335.000.000) 2023-11-15 23:17:40 Job submitted from host: <128.83.120.183:9618?addrs=128.83.120.183-9618&alias=darmok.cs.utexas.edu&noUDP&sock=schedd_1340_b4ff>
...
001 (797335.000.000) 2023-11-16 04:10:20 Job executing on host: <128.83.120.173:9618?addrs=128.83.120.173-9618&alias=nandor-2.cs.utexas.edu&noUDP&sock=startd_2577_2fa6>
...
006 (797335.000.000) 2023-11-16 04:10:28 Image size of job updated: 313700
	171  -  MemoryUsage of job (MB)
	174852  -  ResidentSetSize of job (KB)
...
006 (797335.000.000) 2023-11-16 04:15:28 Image size of job updated: 66800272
	3678  -  MemoryUsage of job (MB)
	3765452  -  ResidentSetSize of job (KB)
...
006 (797335.000.000) 2023-11-16 04:20:28 Image size of job updated: 66800272
	3678  -  MemoryUsage of job (MB)
	3765472  -  ResidentSetSize of job (KB)
...
006 (797335.000.000) 2023-11-16 04:25:29 Image size of job updated: 66800272
	3678  -  MemoryUsage of job (MB)
	3765488  -  ResidentSetSize of job (KB)
...
006 (797335.000.000) 2023-11-16 04:50:31 Image size of job updated: 66800272
	3678  -  MemoryUsage of job (MB)
	3765544  -  ResidentSetSize of job (KB)
...
006 (797335.000.000) 2023-11-16 05:15:35 Image size of job updated: 66800272
	3678  -  MemoryUsage of job (MB)
	3765564  -  ResidentSetSize of job (KB)
...
006 (797335.000.000) 2023-11-16 05:20:35 Image size of job updated: 66800272
	3678  -  MemoryUsage of job (MB)
	3765572  -  ResidentSetSize of job (KB)
...
006 (797335.000.000) 2023-11-16 05:30:36 Image size of job updated: 66800404
	3678  -  MemoryUsage of job (MB)
	3765584  -  ResidentSetSize of job (KB)
...
006 (797335.000.000) 2023-11-16 05:40:36 Image size of job updated: 66800404
	3678  -  MemoryUsage of job (MB)
	3765624  -  ResidentSetSize of job (KB)
...
006 (797335.000.000) 2023-11-16 05:50:37 Image size of job updated: 66800404
	3678  -  MemoryUsage of job (MB)
	3765660  -  ResidentSetSize of job (KB)
...
006 (797335.000.000) 2023-11-16 05:55:37 Image size of job updated: 66800404
	3678  -  MemoryUsage of job (MB)
	3765676  -  ResidentSetSize of job (KB)
...
006 (797335.000.000) 2023-11-16 06:00:38 Image size of job updated: 66800404
	3678  -  MemoryUsage of job (MB)
	3765704  -  ResidentSetSize of job (KB)
...
006 (797335.000.000) 2023-11-16 06:05:39 Image size of job updated: 66800404
	3678  -  MemoryUsage of job (MB)
	3765716  -  ResidentSetSize of job (KB)
...
006 (797335.000.000) 2023-11-16 06:10:39 Image size of job updated: 66800404
	3678  -  MemoryUsage of job (MB)
	3765732  -  ResidentSetSize of job (KB)
...
006 (797335.000.000) 2023-11-16 06:15:40 Image size of job updated: 66800404
	3678  -  MemoryUsage of job (MB)
	3765752  -  ResidentSetSize of job (KB)
...
006 (797335.000.000) 2023-11-16 06:20:41 Image size of job updated: 66800404
	3678  -  MemoryUsage of job (MB)
	3765768  -  ResidentSetSize of job (KB)
...
006 (797335.000.000) 2023-11-16 06:25:41 Image size of job updated: 66800404
	3678  -  MemoryUsage of job (MB)
	3765780  -  ResidentSetSize of job (KB)
...
006 (797335.000.000) 2023-11-16 06:30:41 Image size of job updated: 66800404
	3678  -  MemoryUsage of job (MB)
	3765792  -  ResidentSetSize of job (KB)
...
006 (797335.000.000) 2023-11-16 06:35:42 Image size of job updated: 66800404
	3678  -  MemoryUsage of job (MB)
	3765828  -  ResidentSetSize of job (KB)
...
006 (797335.000.000) 2023-11-16 06:40:42 Image size of job updated: 66800404
	3678  -  MemoryUsage of job (MB)
	3765840  -  ResidentSetSize of job (KB)
...
006 (797335.000.000) 2023-11-16 06:45:42 Image size of job updated: 66800404
	3678  -  MemoryUsage of job (MB)
	3765856  -  ResidentSetSize of job (KB)
...
006 (797335.000.000) 2023-11-16 06:50:43 Image size of job updated: 66800404
	3678  -  MemoryUsage of job (MB)
	3765868  -  ResidentSetSize of job (KB)
...
006 (797335.000.000) 2023-11-16 06:55:43 Image size of job updated: 66800404
	3678  -  MemoryUsage of job (MB)
	3765888  -  ResidentSetSize of job (KB)
...
006 (797335.000.000) 2023-11-16 07:00:43 Image size of job updated: 66800544
	3678  -  MemoryUsage of job (MB)
	3765916  -  ResidentSetSize of job (KB)
...
006 (797335.000.000) 2023-11-16 07:05:44 Image size of job updated: 66800800
	3678  -  MemoryUsage of job (MB)
	3765920  -  ResidentSetSize of job (KB)
...
006 (797335.000.000) 2023-11-16 07:15:45 Image size of job updated: 66800800
	3678  -  MemoryUsage of job (MB)
	3765964  -  ResidentSetSize of job (KB)
...
006 (797335.000.000) 2023-11-16 07:20:46 Image size of job updated: 66800800
	3678  -  MemoryUsage of job (MB)
	3765988  -  ResidentSetSize of job (KB)
...
006 (797335.000.000) 2023-11-16 07:25:47 Image size of job updated: 66800800
	3678  -  MemoryUsage of job (MB)
	3766004  -  ResidentSetSize of job (KB)
...
006 (797335.000.000) 2023-11-16 07:30:47 Image size of job updated: 66800800
	3678  -  MemoryUsage of job (MB)
	3766020  -  ResidentSetSize of job (KB)
...
006 (797335.000.000) 2023-11-16 07:35:48 Image size of job updated: 66800800
	3678  -  MemoryUsage of job (MB)
	3766132  -  ResidentSetSize of job (KB)
...
006 (797335.000.000) 2023-11-16 07:40:49 Image size of job updated: 66800800
	3678  -  MemoryUsage of job (MB)
	3766148  -  ResidentSetSize of job (KB)
...
006 (797335.000.000) 2023-11-16 07:45:49 Image size of job updated: 66800800
	3678  -  MemoryUsage of job (MB)
	3766160  -  ResidentSetSize of job (KB)
...
006 (797335.000.000) 2023-11-16 07:50:49 Image size of job updated: 66800800
	3678  -  MemoryUsage of job (MB)
	3766176  -  ResidentSetSize of job (KB)
...
006 (797335.000.000) 2023-11-16 07:55:50 Image size of job updated: 66800800
	3678  -  MemoryUsage of job (MB)
	3766188  -  ResidentSetSize of job (KB)
...
006 (797335.000.000) 2023-11-16 08:00:50 Image size of job updated: 66800800
	3678  -  MemoryUsage of job (MB)
	3766200  -  ResidentSetSize of job (KB)
...
006 (797335.000.000) 2023-11-16 08:05:50 Image size of job updated: 66800800
	3963  -  MemoryUsage of job (MB)
	4058052  -  ResidentSetSize of job (KB)
...
006 (797335.000.000) 2023-11-16 08:10:51 Image size of job updated: 66800800
	4070  -  MemoryUsage of job (MB)
	4167608  -  ResidentSetSize of job (KB)
...
006 (797335.000.000) 2023-11-16 08:15:52 Image size of job updated: 66800800
	4128  -  MemoryUsage of job (MB)
	4226084  -  ResidentSetSize of job (KB)
...
006 (797335.000.000) 2023-11-16 08:20:52 Image size of job updated: 66800800
	4167  -  MemoryUsage of job (MB)
	4266100  -  ResidentSetSize of job (KB)
...
006 (797335.000.000) 2023-11-16 08:25:53 Image size of job updated: 66800800
	4192  -  MemoryUsage of job (MB)
	4292448  -  ResidentSetSize of job (KB)
...
006 (797335.000.000) 2023-11-16 08:30:54 Image size of job updated: 66800800
	4212  -  MemoryUsage of job (MB)
	4312440  -  ResidentSetSize of job (KB)
...
006 (797335.000.000) 2023-11-16 08:40:55 Image size of job updated: 66800800
	4212  -  MemoryUsage of job (MB)
	4312552  -  ResidentSetSize of job (KB)
...
006 (797335.000.000) 2023-11-16 08:45:56 Image size of job updated: 66800800
	4249  -  MemoryUsage of job (MB)
	4350260  -  ResidentSetSize of job (KB)
...
006 (797335.000.000) 2023-11-16 08:50:56 Image size of job updated: 66800800
	4285  -  MemoryUsage of job (MB)
	4387668  -  ResidentSetSize of job (KB)
...
006 (797335.000.000) 2023-11-16 08:55:57 Image size of job updated: 66800800
	4338  -  MemoryUsage of job (MB)
	4441420  -  ResidentSetSize of job (KB)
...
006 (797335.000.000) 2023-11-16 09:00:58 Image size of job updated: 66800800
	4396  -  MemoryUsage of job (MB)
	4501464  -  ResidentSetSize of job (KB)
...
006 (797335.000.000) 2023-11-16 09:10:58 Image size of job updated: 66800800
	4405  -  MemoryUsage of job (MB)
	4510648  -  ResidentSetSize of job (KB)
...
006 (797335.000.000) 2023-11-16 09:15:59 Image size of job updated: 66800800
	4424  -  MemoryUsage of job (MB)
	4529284  -  ResidentSetSize of job (KB)
...
006 (797335.000.000) 2023-11-16 09:20:59 Image size of job updated: 66800800
	4436  -  MemoryUsage of job (MB)
	4541568  -  ResidentSetSize of job (KB)
...
006 (797335.000.000) 2023-11-16 09:25:59 Image size of job updated: 66800800
	4533  -  MemoryUsage of job (MB)
	4641752  -  ResidentSetSize of job (KB)
...
006 (797335.000.000) 2023-11-16 09:31:00 Image size of job updated: 66800800
	4551  -  MemoryUsage of job (MB)
	4659940  -  ResidentSetSize of job (KB)
...
006 (797335.000.000) 2023-11-16 09:36:01 Image size of job updated: 66800800
	4551  -  MemoryUsage of job (MB)
	4659976  -  ResidentSetSize of job (KB)
...
006 (797335.000.000) 2023-11-16 09:41:01 Image size of job updated: 66800800
	4551  -  MemoryUsage of job (MB)
	4660024  -  ResidentSetSize of job (KB)
...
006 (797335.000.000) 2023-11-16 09:46:02 Image size of job updated: 66800800
	4561  -  MemoryUsage of job (MB)
	4670448  -  ResidentSetSize of job (KB)
...
006 (797335.000.000) 2023-11-16 09:51:03 Image size of job updated: 66800800
	4568  -  MemoryUsage of job (MB)
	4676696  -  ResidentSetSize of job (KB)
...
006 (797335.000.000) 2023-11-16 09:56:03 Image size of job updated: 66800800
	4574  -  MemoryUsage of job (MB)
	4682828  -  ResidentSetSize of job (KB)
...
006 (797335.000.000) 2023-11-16 10:01:04 Image size of job updated: 66800800
	4608  -  MemoryUsage of job (MB)
	4718556  -  ResidentSetSize of job (KB)
...
006 (797335.000.000) 2023-11-16 10:06:05 Image size of job updated: 66800800
	4628  -  MemoryUsage of job (MB)
	4739052  -  ResidentSetSize of job (KB)
...
006 (797335.000.000) 2023-11-16 10:11:05 Image size of job updated: 66800800
	4648  -  MemoryUsage of job (MB)
	4759444  -  ResidentSetSize of job (KB)
...
006 (797335.000.000) 2023-11-16 10:16:05 Image size of job updated: 66800800
	4660  -  MemoryUsage of job (MB)
	4771340  -  ResidentSetSize of job (KB)
...
006 (797335.000.000) 2023-11-16 10:21:06 Image size of job updated: 66800800
	4666  -  MemoryUsage of job (MB)
	4777008  -  ResidentSetSize of job (KB)
...
006 (797335.000.000) 2023-11-16 10:26:06 Image size of job updated: 66800800
	4714  -  MemoryUsage of job (MB)
	4826896  -  ResidentSetSize of job (KB)
...
006 (797335.000.000) 2023-11-16 10:31:06 Image size of job updated: 66800800
	4716  -  MemoryUsage of job (MB)
	4829136  -  ResidentSetSize of job (KB)
...
006 (797335.000.000) 2023-11-16 10:36:07 Image size of job updated: 66800800
	4748  -  MemoryUsage of job (MB)
	4861640  -  ResidentSetSize of job (KB)
...
006 (797335.000.000) 2023-11-16 10:41:07 Image size of job updated: 66800800
	4765  -  MemoryUsage of job (MB)
	4879096  -  ResidentSetSize of job (KB)
...
006 (797335.000.000) 2023-11-16 10:46:07 Image size of job updated: 66800800
	4770  -  MemoryUsage of job (MB)
	4883888  -  ResidentSetSize of job (KB)
...
006 (797335.000.000) 2023-11-16 10:51:08 Image size of job updated: 66800800
	4788  -  MemoryUsage of job (MB)
	4902476  -  ResidentSetSize of job (KB)
...
006 (797335.000.000) 2023-11-16 10:56:09 Image size of job updated: 66800800
	4788  -  MemoryUsage of job (MB)
	4902624  -  ResidentSetSize of job (KB)
...
006 (797335.000.000) 2023-11-16 11:01:09 Image size of job updated: 66800800
	4789  -  MemoryUsage of job (MB)
	4903580  -  ResidentSetSize of job (KB)
...
006 (797335.000.000) 2023-11-16 11:06:10 Image size of job updated: 66800800
	4801  -  MemoryUsage of job (MB)
	4915264  -  ResidentSetSize of job (KB)
...
006 (797335.000.000) 2023-11-16 11:11:11 Image size of job updated: 66800800
	4825  -  MemoryUsage of job (MB)
	4940052  -  ResidentSetSize of job (KB)
...
006 (797335.000.000) 2023-11-16 11:16:11 Image size of job updated: 66800800
	4835  -  MemoryUsage of job (MB)
	4950044  -  ResidentSetSize of job (KB)
...
006 (797335.000.000) 2023-11-16 11:21:12 Image size of job updated: 66800800
	4855  -  MemoryUsage of job (MB)
	4971060  -  ResidentSetSize of job (KB)
...
006 (797335.000.000) 2023-11-16 11:26:13 Image size of job updated: 66800800
	4866  -  MemoryUsage of job (MB)
	4981768  -  ResidentSetSize of job (KB)
...
006 (797335.000.000) 2023-11-16 11:31:13 Image size of job updated: 66800800
	4893  -  MemoryUsage of job (MB)
	5010204  -  ResidentSetSize of job (KB)
...
006 (797335.000.000) 2023-11-16 11:36:13 Image size of job updated: 66800800
	4906  -  MemoryUsage of job (MB)
	5023728  -  ResidentSetSize of job (KB)
...
006 (797335.000.000) 2023-11-16 11:41:14 Image size of job updated: 66800800
	4928  -  MemoryUsage of job (MB)
	5045500  -  ResidentSetSize of job (KB)
...
006 (797335.000.000) 2023-11-16 11:46:14 Image size of job updated: 66800800
	4942  -  MemoryUsage of job (MB)
	5060384  -  ResidentSetSize of job (KB)
...
006 (797335.000.000) 2023-11-16 11:51:14 Image size of job updated: 66800800
	4965  -  MemoryUsage of job (MB)
	5083492  -  ResidentSetSize of job (KB)
...
006 (797335.000.000) 2023-11-16 11:56:16 Image size of job updated: 66800800
	4980  -  MemoryUsage of job (MB)
	5098692  -  ResidentSetSize of job (KB)
...
006 (797335.000.000) 2023-11-16 12:01:16 Image size of job updated: 66800800
	4987  -  MemoryUsage of job (MB)
	5106376  -  ResidentSetSize of job (KB)
...
006 (797335.000.000) 2023-11-16 12:06:16 Image size of job updated: 66800800
	5013  -  MemoryUsage of job (MB)
	5132612  -  ResidentSetSize of job (KB)
...
006 (797335.000.000) 2023-11-16 12:11:17 Image size of job updated: 66800800
	5029  -  MemoryUsage of job (MB)
	5148752  -  ResidentSetSize of job (KB)
...
006 (797335.000.000) 2023-11-16 12:16:18 Image size of job updated: 66800800
	5041  -  MemoryUsage of job (MB)
	5161664  -  ResidentSetSize of job (KB)
...
006 (797335.000.000) 2023-11-16 12:21:18 Image size of job updated: 66800800
	5060  -  MemoryUsage of job (MB)
	5180436  -  ResidentSetSize of job (KB)
...
006 (797335.000.000) 2023-11-16 12:26:18 Image size of job updated: 66800800
	5071  -  MemoryUsage of job (MB)
	5192576  -  ResidentSetSize of job (KB)
...
005 (797335.000.000) 2023-11-16 12:30:14 Job terminated.
	(1) Normal termination (return value 0)
		Usr 0 07:37:26, Sys 0 00:48:02  -  Run Remote Usage
		Usr 0 00:00:00, Sys 0 00:00:00  -  Run Local Usage
		Usr 0 07:37:26, Sys 0 00:48:02  -  Total Remote Usage
		Usr 0 00:00:00, Sys 0 00:00:00  -  Total Local Usage
	0  -  Run Bytes Sent By Job
	0  -  Run Bytes Received By Job
	0  -  Total Bytes Sent By Job
	0  -  Total Bytes Received By Job
	Partitionable Resources :    Usage  Request Allocated Assigned
	   Cpus                 :     1.03       80        80 
	   Disk (KB)            :     1           1     75272 
	   Gpus (Average)       :     0.45        8         8 "GPU-42b802e0,GPU-a7a734df,GPU-85a1a013,GPU-ad01df6d,GPU-0f3ae793,GPU-02e0fb97,GPU-be317da5,GPU-640c9488"
	   GpusMemory (MB)      :   353                       
	   Memory (MB)          :  5071           1       128 

	Job terminated of its own accord at 2023-11-16T18:30:14Z.
...
000 (800219.000.000) 2023-11-18 00:11:03 Job submitted from host: <128.83.120.183:9618?addrs=128.83.120.183-9618&alias=darmok.cs.utexas.edu&noUDP&sock=schedd_1340_b4ff>
...
001 (800219.000.000) 2023-11-18 00:11:06 Job executing on host: <128.83.120.193:9618?addrs=128.83.120.193-9618&alias=nandor-4.cs.utexas.edu&noUDP&sock=startd_2573_7145>
...
006 (800219.000.000) 2023-11-18 00:11:15 Image size of job updated: 358344
	212  -  MemoryUsage of job (MB)
	217036  -  ResidentSetSize of job (KB)
...
006 (800219.000.000) 2023-11-18 00:13:13 Image size of job updated: 70854324
	213  -  MemoryUsage of job (MB)
	217148  -  ResidentSetSize of job (KB)
...
005 (800219.000.000) 2023-11-18 00:13:13 Job terminated.
	(1) Normal termination (return value 1)
		Usr 0 00:01:20, Sys 0 00:00:36  -  Run Remote Usage
		Usr 0 00:00:00, Sys 0 00:00:00  -  Run Local Usage
		Usr 0 00:01:20, Sys 0 00:00:36  -  Total Remote Usage
		Usr 0 00:00:00, Sys 0 00:00:00  -  Total Local Usage
	0  -  Run Bytes Sent By Job
	0  -  Run Bytes Received By Job
	0  -  Total Bytes Sent By Job
	0  -  Total Bytes Received By Job
	Partitionable Resources :    Usage  Request Allocated Assigned
	   Cpus                 :                80        80 
	   Disk (KB)            :        1        1     75272 
	   Gpus (Average)       :                 8         8 "GPU-a7665566,GPU-9423a95c,GPU-84b2bd7f,GPU-121b62ae,GPU-e8cbc9c3,GPU-f7ea2d9a,GPU-95932b35,GPU-3f4a9df4"
	   Memory (MB)          :      213        1       128 

	Job terminated of its own accord at 2023-11-18T06:13:13Z.
...
000 (807589.000.000) 2023-12-14 18:43:41 Job submitted from host: <128.83.120.183:9618?addrs=128.83.120.183-9618&alias=darmok.cs.utexas.edu&noUDP&sock=schedd_1340_b4ff>
...
001 (807589.000.000) 2023-12-14 18:44:06 Job executing on host: <128.83.120.196:9618?addrs=128.83.120.196-9618&alias=nandor-5.cs.utexas.edu&noUDP&sock=startd_2561_3622>
...
006 (807589.000.000) 2023-12-14 18:44:15 Image size of job updated: 323468
	180  -  MemoryUsage of job (MB)
	183704  -  ResidentSetSize of job (KB)
...
006 (807589.000.000) 2023-12-14 18:49:16 Image size of job updated: 55866064
	3673  -  MemoryUsage of job (MB)
	3760708  -  ResidentSetSize of job (KB)
...
006 (807589.000.000) 2023-12-14 18:59:17 Image size of job updated: 55866320
	3673  -  MemoryUsage of job (MB)
	3760760  -  ResidentSetSize of job (KB)
...
006 (807589.000.000) 2023-12-14 19:04:17 Image size of job updated: 55866320
	3673  -  MemoryUsage of job (MB)
	3760844  -  ResidentSetSize of job (KB)
...
006 (807589.000.000) 2023-12-14 19:09:18 Image size of job updated: 55866320
	3673  -  MemoryUsage of job (MB)
	3760896  -  ResidentSetSize of job (KB)
...
006 (807589.000.000) 2023-12-14 19:14:18 Image size of job updated: 55866320
	3673  -  MemoryUsage of job (MB)
	3760936  -  ResidentSetSize of job (KB)
...
006 (807589.000.000) 2023-12-14 19:19:18 Image size of job updated: 55866320
	3673  -  MemoryUsage of job (MB)
	3760968  -  ResidentSetSize of job (KB)
...
006 (807589.000.000) 2023-12-14 19:24:19 Image size of job updated: 55866320
	3673  -  MemoryUsage of job (MB)
	3761024  -  ResidentSetSize of job (KB)
...
006 (807589.000.000) 2023-12-14 19:29:19 Image size of job updated: 55866320
	3673  -  MemoryUsage of job (MB)
	3761056  -  ResidentSetSize of job (KB)
...
006 (807589.000.000) 2023-12-14 19:34:19 Image size of job updated: 55866320
	3673  -  MemoryUsage of job (MB)
	3761084  -  ResidentSetSize of job (KB)
...
006 (807589.000.000) 2023-12-14 19:39:20 Image size of job updated: 55866712
	3674  -  MemoryUsage of job (MB)
	3761160  -  ResidentSetSize of job (KB)
...
006 (807589.000.000) 2023-12-14 19:44:21 Image size of job updated: 55866712
	3674  -  MemoryUsage of job (MB)
	3761216  -  ResidentSetSize of job (KB)
...
005 (807589.000.000) 2023-12-14 19:47:56 Job terminated.
	(1) Normal termination (return value 0)
		Usr 0 00:58:41, Sys 0 00:04:54  -  Run Remote Usage
		Usr 0 00:00:00, Sys 0 00:00:00  -  Run Local Usage
		Usr 0 00:58:41, Sys 0 00:04:54  -  Total Remote Usage
		Usr 0 00:00:00, Sys 0 00:00:00  -  Total Local Usage
	0  -  Run Bytes Sent By Job
	0  -  Run Bytes Received By Job
	0  -  Total Bytes Sent By Job
	0  -  Total Bytes Received By Job
	Partitionable Resources :    Usage  Request Allocated Assigned
	   Cpus                 :     1.00       80        80 
	   Disk (KB)            :     1           1     75272 
	   Gpus (Average)       :     0.90        8         8 "GPU-686e454b,GPU-cb8ab85b,GPU-83975600,GPU-6f99e44b,GPU-55ef9753,GPU-1a6765ed,GPU-ba79a9e9,GPU-7e0616d1"
	   GpusMemory (MB)      :   353                       
	   Memory (MB)          :  3674           1       128 

	Job terminated of its own accord at 2023-12-15T01:47:56Z.
...
000 (807590.000.000) 2023-12-14 22:57:42 Job submitted from host: <128.83.120.183:9618?addrs=128.83.120.183-9618&alias=darmok.cs.utexas.edu&noUDP&sock=schedd_1340_b4ff>
...
001 (807590.000.000) 2023-12-14 22:58:00 Job executing on host: <128.83.120.196:9618?addrs=128.83.120.196-9618&alias=nandor-5.cs.utexas.edu&noUDP&sock=startd_2561_3622>
...
006 (807590.000.000) 2023-12-14 22:58:09 Image size of job updated: 383460
	230  -  MemoryUsage of job (MB)
	234704  -  ResidentSetSize of job (KB)
...
006 (807590.000.000) 2023-12-14 23:03:09 Image size of job updated: 55996428
	3672  -  MemoryUsage of job (MB)
	3759864  -  ResidentSetSize of job (KB)
...
006 (807590.000.000) 2023-12-14 23:08:09 Image size of job updated: 55996428
	3672  -  MemoryUsage of job (MB)
	3759876  -  ResidentSetSize of job (KB)
...
006 (807590.000.000) 2023-12-14 23:13:10 Image size of job updated: 55996580
	3672  -  MemoryUsage of job (MB)
	3759900  -  ResidentSetSize of job (KB)
...
006 (807590.000.000) 2023-12-14 23:18:11 Image size of job updated: 55996580
	3672  -  MemoryUsage of job (MB)
	3759912  -  ResidentSetSize of job (KB)
...
006 (807590.000.000) 2023-12-14 23:23:11 Image size of job updated: 55996580
	3672  -  MemoryUsage of job (MB)
	3759968  -  ResidentSetSize of job (KB)
...
006 (807590.000.000) 2023-12-14 23:28:12 Image size of job updated: 55996580
	3672  -  MemoryUsage of job (MB)
	3759976  -  ResidentSetSize of job (KB)
...
006 (807590.000.000) 2023-12-14 23:38:13 Image size of job updated: 55996580
	3672  -  MemoryUsage of job (MB)
	3759992  -  ResidentSetSize of job (KB)
...
006 (807590.000.000) 2023-12-14 23:43:14 Image size of job updated: 55996580
	3672  -  MemoryUsage of job (MB)
	3760052  -  ResidentSetSize of job (KB)
...
006 (807590.000.000) 2023-12-14 23:48:15 Image size of job updated: 55996580
	3672  -  MemoryUsage of job (MB)
	3760080  -  ResidentSetSize of job (KB)
...
006 (807590.000.000) 2023-12-14 23:53:15 Image size of job updated: 55996580
	3672  -  MemoryUsage of job (MB)
	3760124  -  ResidentSetSize of job (KB)
...
006 (807590.000.000) 2023-12-14 23:58:15 Image size of job updated: 55996580
	3673  -  MemoryUsage of job (MB)
	3760164  -  ResidentSetSize of job (KB)
...
006 (807590.000.000) 2023-12-15 00:03:16 Image size of job updated: 55996836
	3673  -  MemoryUsage of job (MB)
	3760204  -  ResidentSetSize of job (KB)
...
006 (807590.000.000) 2023-12-15 00:13:16 Image size of job updated: 55996984
	3673  -  MemoryUsage of job (MB)
	3760296  -  ResidentSetSize of job (KB)
...
006 (807590.000.000) 2023-12-15 00:18:17 Image size of job updated: 55996984
	3673  -  MemoryUsage of job (MB)
	3760324  -  ResidentSetSize of job (KB)
...
006 (807590.000.000) 2023-12-15 00:23:17 Image size of job updated: 55996984
	3673  -  MemoryUsage of job (MB)
	3760356  -  ResidentSetSize of job (KB)
...
006 (807590.000.000) 2023-12-15 00:28:17 Image size of job updated: 55996984
	3673  -  MemoryUsage of job (MB)
	3760392  -  ResidentSetSize of job (KB)
...
006 (807590.000.000) 2023-12-15 00:33:18 Image size of job updated: 55996984
	3673  -  MemoryUsage of job (MB)
	3760424  -  ResidentSetSize of job (KB)
...
006 (807590.000.000) 2023-12-15 00:38:18 Image size of job updated: 55996984
	3673  -  MemoryUsage of job (MB)
	3760488  -  ResidentSetSize of job (KB)
...
005 (807590.000.000) 2023-12-15 00:39:04 Job terminated.
	(1) Normal termination (return value 0)
		Usr 0 01:32:01, Sys 0 00:08:59  -  Run Remote Usage
		Usr 0 00:00:00, Sys 0 00:00:00  -  Run Local Usage
		Usr 0 01:32:01, Sys 0 00:08:59  -  Total Remote Usage
		Usr 0 00:00:00, Sys 0 00:00:00  -  Total Local Usage
	0  -  Run Bytes Sent By Job
	0  -  Run Bytes Received By Job
	0  -  Total Bytes Sent By Job
	0  -  Total Bytes Received By Job
	Partitionable Resources :    Usage  Request Allocated Assigned
	   Cpus                 :     1.00       80        80 
	   Disk (KB)            :     1           1     75272 
	   Gpus (Average)       :     0.92        8         8 "GPU-686e454b,GPU-cb8ab85b,GPU-83975600,GPU-6f99e44b,GPU-55ef9753,GPU-1a6765ed,GPU-ba79a9e9,GPU-7e0616d1"
	   GpusMemory (MB)      :   353                       
	   Memory (MB)          :  3673           1       128 

	Job terminated of its own accord at 2023-12-15T06:39:04Z.
...
