****************
timestamp: 2023-11-14 00:25:01.464364
initializing training...
device: cuda
nca perception channels: 68
nca parameter count: 10880
training new model from scratch...
model: cowboy16_quat_1
type: QUATERNION
batch-size: 4
pool-size: 32
lr: 0.001>1e-05 w/ 2000 step
seed.shape: [1, 16, 24, 24, 24]
target.shape: [4, 4, 24, 24, 24]
starting training w/ 5001 epochs...
[100/5001]	 0.297it/s	 time: 0:05:37~4:35:13	 loss: 25.576>21.22	 lr: 5.999e-05 ▲
[200/5001]	 0.297it/s	 time: 0:11:14~4:29:36	 loss: 24.251>21.155	 lr: 0.00010949 ▲
[300/5001]	 0.297it/s	 time: 0:16:50~4:23:43	 loss: 23.762>21.155	 lr: 0.000159 ▲
[400/5001]	 0.297it/s	 time: 0:22:28~4:18:22	 loss: 23.025>21.155	 lr: 0.00020849 ▲
[500/5001]	 0.295it/s	 time: 0:28:14~4:14:06	 loss: 23.277>21.155	 lr: 0.000258 ▲
[600/5001]	 0.295it/s	 time: 0:33:52~4:08:21	 loss: 24.945>20.855	 lr: 0.0003075 ▲
[700/5001]	 0.296it/s	 time: 0:39:25~4:02:07	 loss: 23.418>20.855	 lr: 0.00035699 ▲
[800/5001]	 0.296it/s	 time: 0:45:05~3:56:41	 loss: 23.69>20.549	 lr: 0.0004065 ▲
[900/5001]	 0.297it/s	 time: 0:50:26~3:49:45	 loss: 22.669>20.549	 lr: 0.00045599 ▲
[1000/5001]	 0.298it/s	 time: 0:56:00~3:44:00	 loss: 23.672>20.549	 lr: 0.00050549 ▲
model [cowboy16_quat_1_cp1000] saved to _checkpoints...
[1100/5001]	 0.298it/s	 time: 1:01:37~3:38:27	 loss: 22.949>19.733	 lr: 0.000555 ▲
[1200/5001]	 0.298it/s	 time: 1:07:12~3:32:48	 loss: 23.298>19.733	 lr: 0.0006045 ▲
[1300/5001]	 0.298it/s	 time: 1:12:40~3:26:49	 loss: 21.771>17.588	 lr: 0.000654 ▲
[1400/5001]	 0.298it/s	 time: 1:18:20~3:21:25	 loss: 24.498>17.235	 lr: 0.0007035 ▲
[1500/5001]	 0.298it/s	 time: 1:23:56~3:15:50	 loss: 21.864>17.235	 lr: 0.00075299 ▲
[1600/5001]	 0.298it/s	 time: 1:29:23~3:09:56	 loss: 21.962>17.235	 lr: 0.0008025 ▲
[1700/5001]	 0.298it/s	 time: 1:34:56~3:04:16	 loss: 22.252>17.235	 lr: 0.000852 ▲
[1800/5001]	 0.299it/s	 time: 1:40:26~2:58:32	 loss: 22.429>17.161	 lr: 0.0009015 ▲
[1900/5001]	 0.299it/s	 time: 1:45:57~2:52:51	 loss: 22.726>17.161	 lr: 0.000951 ▲
[2000/5001]	 0.299it/s	 time: 1:51:29~2:47:13	 loss: 21.948>17.161	 lr: 0.00099951 ▲
model [cowboy16_quat_1_cp2000] saved to _checkpoints...
[2100/5001]	 0.299it/s	 time: 1:57:06~2:41:42	 loss: 22.08>17.136	 lr: 0.00095001 ▼
[2200/5001]	 0.299it/s	 time: 2:02:44~2:36:12	 loss: 21.963>17.136	 lr: 0.0009005 ▼
[2300/5001]	 0.299it/s	 time: 2:08:13~2:30:30	 loss: 44.124>17.136	 lr: 0.000851 ▼
[2400/5001]	 0.299it/s	 time: 2:13:39~2:24:47	 loss: 21.758>16.731	 lr: 0.00080151 ▼
[2500/5001]	 0.299it/s	 time: 2:19:11~2:19:11	 loss: 22.066>16.731	 lr: 0.00075201 ▼
[2600/5001]	 0.299it/s	 time: 2:24:48~2:13:39	 loss: 21.83>16.731	 lr: 0.00070251 ▼
[2700/5001]	 0.299it/s	 time: 2:30:18~2:08:02	 loss: 920.574>16.731	 lr: 0.000653 ▼
[2800/5001]	 0.3it/s	 time: 2:35:42~2:02:20	 loss: 29.528>16.54	 lr: 0.0006035 ▼
[2900/5001]	 0.3it/s	 time: 2:41:15~1:56:46	 loss: 23.538>16.54	 lr: 0.00055401 ▼
[3000/5001]	 0.3it/s	 time: 2:46:48~1:51:12	 loss: 21.284>16.54	 lr: 0.00050451 ▼
model [cowboy16_quat_1_cp3000] saved to _checkpoints...
[3100/5001]	 0.3it/s	 time: 2:52:22~1:45:38	 loss: 32.95>16.181	 lr: 0.000455 ▼
[3200/5001]	 0.3it/s	 time: 2:57:53~1:40:03	 loss: 123.275>16.181	 lr: 0.0004055 ▼
[3300/5001]	 0.3it/s	 time: 3:03:27~1:34:30	 loss: 1389.019>16.181	 lr: 0.000356 ▼
[3400/5001]	 0.3it/s	 time: 3:08:48~1:28:50	 loss: 131.547>16.181	 lr: 0.00030651 ▼
[3500/5001]	 0.3it/s	 time: 3:14:38~1:23:24	 loss: 23.773>16.181	 lr: 0.00025701 ▼
[3600/5001]	 0.299it/s	 time: 3:20:32~1:17:59	 loss: 85.079>14.082	 lr: 0.0002075 ▼
[3700/5001]	 0.298it/s	 time: 3:26:36~1:12:35	 loss: 128.404>14.082	 lr: 0.000158 ▼
[3800/5001]	 0.298it/s	 time: 3:32:43~1:07:10	 loss: 102.855>14.082	 lr: 0.0001085 ▼
[3900/5001]	 0.297it/s	 time: 3:38:36~1:01:39	 loss: 177.215>13.671	 lr: 5.901e-05 ▼
[4000/5001]	 0.297it/s	 time: 3:44:28~0:56:07	 loss: 348.919>13.072	 lr: 1.025e-05 ▼
model [cowboy16_quat_1_cp4000] saved to _checkpoints...
[4100/5001]	 0.297it/s	 time: 3:50:17~0:50:33	 loss: 48.14>12.694	 lr: 3.5e-05 ▲
[4200/5001]	 0.297it/s	 time: 3:56:05~0:44:58	 loss: 258.873>12.694	 lr: 5.975e-05 ▲
[4300/5001]	 0.296it/s	 time: 4:01:50~0:39:22	 loss: 115.803>12.397	 lr: 8.45e-05 ▲
[4400/5001]	 0.296it/s	 time: 4:07:42~0:33:46	 loss: 83.055>12.397	 lr: 0.00010925 ▲
[4500/5001]	 0.296it/s	 time: 4:13:31~0:28:10	 loss: 383.976>12.397	 lr: 0.000134 ▲
[4600/5001]	 0.296it/s	 time: 4:19:23~0:22:33	 loss: 150.096>12.307	 lr: 0.00015875 ▲
[4700/5001]	 0.295it/s	 time: 4:25:13~0:16:55	 loss: 303.856>12.307	 lr: 0.0001835 ▲
[4800/5001]	 0.295it/s	 time: 4:30:44~0:11:16	 loss: 316.194>12.25	 lr: 0.00020825 ▲
[4900/5001]	 0.296it/s	 time: 4:36:17~0:05:38	 loss: 70.526>12.25	 lr: 0.000233 ▲
[5000/5001]	 0.296it/s	 time: 4:41:49~0:00:00	 loss: 78.1>12.25	 lr: 0.00025775 ▲
model [cowboy16_quat_1_cp5000] saved to _checkpoints...
train time: 4:41:49
model [cowboy16_quat_1] saved to _models...
starting time: 05:07:12
generating videos...
created video: _models/cowboy16_quat_1/vidtrain_grow.mp4, gen-time: 0:17:40
created video: _models/cowboy16_quat_1/vidtrain_multi_regen.mp4, gen-time: 0:38:51
elapsed time: 5:38:42
****************
