000 (778494.000.000) 2023-11-06 10:59:36 Job submitted from host: <128.83.120.183:9618?addrs=128.83.120.183-9618&alias=darmok.cs.utexas.edu&noUDP&sock=schedd_1340_b4ff>
...
001 (778494.000.000) 2023-11-06 10:59:45 Job executing on host: <128.83.120.193:9618?addrs=128.83.120.193-9618&alias=nandor-4.cs.utexas.edu&noUDP&sock=startd_2573_7145>
...
006 (778494.000.000) 2023-11-06 10:59:54 Image size of job updated: 362868
	215  -  MemoryUsage of job (MB)
	219376  -  ResidentSetSize of job (KB)
...
006 (778494.000.000) 2023-11-06 11:04:55 Image size of job updated: 53072300
	3661  -  MemoryUsage of job (MB)
	3748556  -  ResidentSetSize of job (KB)
...
006 (778494.000.000) 2023-11-06 11:09:56 Image size of job updated: 53072432
	3661  -  MemoryUsage of job (MB)
	3748660  -  ResidentSetSize of job (KB)
...
006 (778494.000.000) 2023-11-06 11:14:56 Image size of job updated: 53072564
	3661  -  MemoryUsage of job (MB)
	3748724  -  ResidentSetSize of job (KB)
...
006 (778494.000.000) 2023-11-06 11:39:59 Image size of job updated: 53072564
	3661  -  MemoryUsage of job (MB)
	3748768  -  ResidentSetSize of job (KB)
...
006 (778494.000.000) 2023-11-06 11:44:59 Image size of job updated: 53072820
	3786  -  MemoryUsage of job (MB)
	3876348  -  ResidentSetSize of job (KB)
...
006 (778494.000.000) 2023-11-06 11:49:59 Image size of job updated: 53072820
	3900  -  MemoryUsage of job (MB)
	3992772  -  ResidentSetSize of job (KB)
...
006 (778494.000.000) 2023-11-06 12:00:01 Image size of job updated: 53072820
	3941  -  MemoryUsage of job (MB)
	4034808  -  ResidentSetSize of job (KB)
...
006 (778494.000.000) 2023-11-06 12:05:01 Image size of job updated: 53072820
	3965  -  MemoryUsage of job (MB)
	4060064  -  ResidentSetSize of job (KB)
...
006 (778494.000.000) 2023-11-06 12:10:01 Image size of job updated: 53072820
	3979  -  MemoryUsage of job (MB)
	4073772  -  ResidentSetSize of job (KB)
...
006 (778494.000.000) 2023-11-06 12:15:02 Image size of job updated: 53072820
	3993  -  MemoryUsage of job (MB)
	4088508  -  ResidentSetSize of job (KB)
...
006 (778494.000.000) 2023-11-06 12:20:02 Image size of job updated: 53072820
	4023  -  MemoryUsage of job (MB)
	4118776  -  ResidentSetSize of job (KB)
...
006 (778494.000.000) 2023-11-06 12:25:02 Image size of job updated: 53072820
	4064  -  MemoryUsage of job (MB)
	4161052  -  ResidentSetSize of job (KB)
...
006 (778494.000.000) 2023-11-06 12:30:03 Image size of job updated: 53072820
	4066  -  MemoryUsage of job (MB)
	4163012  -  ResidentSetSize of job (KB)
...
006 (778494.000.000) 2023-11-06 12:35:03 Image size of job updated: 53072820
	4097  -  MemoryUsage of job (MB)
	4194848  -  ResidentSetSize of job (KB)
...
006 (778494.000.000) 2023-11-06 12:40:03 Image size of job updated: 53072820
	4100  -  MemoryUsage of job (MB)
	4197384  -  ResidentSetSize of job (KB)
...
006 (778494.000.000) 2023-11-06 12:45:04 Image size of job updated: 53072820
	4117  -  MemoryUsage of job (MB)
	4214928  -  ResidentSetSize of job (KB)
...
006 (778494.000.000) 2023-11-06 12:50:05 Image size of job updated: 53072820
	4156  -  MemoryUsage of job (MB)
	4254724  -  ResidentSetSize of job (KB)
...
006 (778494.000.000) 2023-11-06 12:55:05 Image size of job updated: 53072820
	4156  -  MemoryUsage of job (MB)
	4255264  -  ResidentSetSize of job (KB)
...
005 (778494.000.000) 2023-11-06 12:56:48 Job terminated.
	(1) Normal termination (return value 0)
		Usr 0 01:53:50, Sys 0 00:06:37  -  Run Remote Usage
		Usr 0 00:00:00, Sys 0 00:00:00  -  Run Local Usage
		Usr 0 01:53:50, Sys 0 00:06:37  -  Total Remote Usage
		Usr 0 00:00:00, Sys 0 00:00:00  -  Total Local Usage
	0  -  Run Bytes Sent By Job
	0  -  Run Bytes Received By Job
	0  -  Total Bytes Sent By Job
	0  -  Total Bytes Received By Job
	Partitionable Resources :    Usage  Request Allocated Assigned
	   Cpus                 :     1.05       80        80 
	   Disk (KB)            :     1           1     75272 
	   Gpus (Average)       :     0.36        8         8 "GPU-a7665566,GPU-9423a95c,GPU-84b2bd7f,GPU-121b62ae,GPU-e8cbc9c3,GPU-f7ea2d9a,GPU-95932b35,GPU-3f4a9df4"
	   GpusMemory (MB)      :   353                       
	   Memory (MB)          :  4156           1       128 

	Job terminated of its own accord at 2023-11-06T18:56:48Z.
...
