****************
initializing training...
device: cuda
nca perception channels: 80
nca parameter count: 12416
training new model from scratch...
model: burger_aniso
type: ANISOTROPIC
batch-size: 4
pool-size: 32
lr: 0.0005>1e-05 w/ 2000 step
seed.shape: [1, 16, 24, 24, 24]
target.shape: [4, 4, 24, 24, 24]
pool.shape: [32, 16, 24, 24, 24]
starting training w/ 10001 epochs...
[200/10001]	 3.571it/s	 time: 0:00:56~0:45:43	 loss: 2810.489>22.164	 lr: 5.924e-05 ▲
[400/10001]	 3.67it/s	 time: 0:01:49~0:43:35	 loss: 237.738>22.075	 lr: 0.00010824 ▲
[600/10001]	 3.727it/s	 time: 0:02:41~0:42:02	 loss: 135.153>21.774	 lr: 0.00015724 ▲
[800/10001]	 3.721it/s	 time: 0:03:35~0:41:12	 loss: 75.303>18.572	 lr: 0.00020625 ▲
[1000/10001]	 3.745it/s	 time: 0:04:27~0:40:03	 loss: 329.785>16.625	 lr: 0.00025524 ▲
model [burger_aniso_cp1000] saved to _checkpoints...
[1200/10001]	 3.75it/s	 time: 0:05:20~0:39:06	 loss: 426.398>14.774	 lr: 0.00030425 ▲
[1400/10001]	 3.743it/s	 time: 0:06:14~0:38:17	 loss: 18.331>11.118	 lr: 0.00035324 ▲
[1600/10001]	 3.747it/s	 time: 0:07:07~0:37:21	 loss: 16.711>10.318	 lr: 0.00040224 ▲
[1800/10001]	 3.75it/s	 time: 0:08:00~0:36:26	 loss: 20.304>9.614	 lr: 0.00045125 ▲
[2000/10001]	 3.752it/s	 time: 0:08:53~0:35:32	 loss: 11.469>8.157	 lr: 0.00049976 ▲
model [burger_aniso_cp2000] saved to _checkpoints...
[2200/10001]	 3.754it/s	 time: 0:09:46~0:34:37	 loss: 10.453>7.004	 lr: 0.00045075 ▼
[2400/10001]	 3.75it/s	 time: 0:10:40~0:33:46	 loss: 7.303>4.537	 lr: 0.00040176 ▼
[2600/10001]	 3.746it/s	 time: 0:11:34~0:32:55	 loss: 5.63>3.546	 lr: 0.00035276 ▼
[2800/10001]	 3.753it/s	 time: 0:12:26~0:31:58	 loss: 5.009>3.48	 lr: 0.00030375 ▼
[3000/10001]	 3.75it/s	 time: 0:13:20~0:31:06	 loss: 4.286>2.865	 lr: 0.00025476 ▼
model [burger_aniso_cp3000] saved to _checkpoints...
[3200/10001]	 3.751it/s	 time: 0:14:13~0:30:12	 loss: 3.307>2.518	 lr: 0.00020575 ▼
[3400/10001]	 3.753it/s	 time: 0:15:06~0:29:18	 loss: 2.811>2.014	 lr: 0.00015676 ▼
[3600/10001]	 3.754it/s	 time: 0:15:59~0:28:24	 loss: 2.375>1.786	 lr: 0.00010776 ▼
[3800/10001]	 3.755it/s	 time: 0:16:52~0:27:31	 loss: 2.046>1.499	 lr: 5.875e-05 ▼
[4000/10001]	 3.756it/s	 time: 0:17:45~0:26:37	 loss: 1.845>1.364	 lr: 1.012e-05 ▼
model [burger_aniso_cp4000] saved to _checkpoints...
[4200/10001]	 3.753it/s	 time: 0:18:39~0:25:45	 loss: 1.755>1.363	 lr: 3.462e-05 ▲
[4400/10001]	 3.754it/s	 time: 0:19:32~0:24:51	 loss: 1.744>1.303	 lr: 5.912e-05 ▲
[4600/10001]	 3.755it/s	 time: 0:20:25~0:23:58	 loss: 1.722>1.271	 lr: 8.362e-05 ▲
[4800/10001]	 3.753it/s	 time: 0:21:19~0:23:05	 loss: 1.735>1.237	 lr: 0.00010812 ▲
[5000/10001]	 3.754it/s	 time: 0:22:12~0:22:12	 loss: 1.675>1.187	 lr: 0.00013262 ▲
model [burger_aniso_cp5000] saved to _checkpoints...
[5200/10001]	 3.752it/s	 time: 0:23:06~0:21:19	 loss: 1.743>1.187	 lr: 0.00015712 ▲
[5400/10001]	 3.753it/s	 time: 0:23:59~0:20:25	 loss: 1.654>1.083	 lr: 0.00018162 ▲
[5600/10001]	 3.756it/s	 time: 0:24:51~0:19:31	 loss: 1.633>1.064	 lr: 0.00020612 ▲
[5800/10001]	 3.756it/s	 time: 0:25:44~0:18:38	 loss: 1.603>1.058	 lr: 0.00023062 ▲
[6000/10001]	 3.757it/s	 time: 0:26:37~0:17:44	 loss: 1.514>0.984	 lr: 0.00025488 ▲
model [burger_aniso_cp6000] saved to _checkpoints...
[6200/10001]	 3.758it/s	 time: 0:27:30~0:16:51	 loss: 1.356>0.864	 lr: 0.00023038 ▼
[6400/10001]	 3.76it/s	 time: 0:28:22~0:15:57	 loss: 1.298>0.829	 lr: 0.00020588 ▼
[6600/10001]	 3.761it/s	 time: 0:29:15~0:15:04	 loss: 1.254>0.746	 lr: 0.00018138 ▼
[6800/10001]	 3.759it/s	 time: 0:30:09~0:14:11	 loss: 1.109>0.684	 lr: 0.00015688 ▼
[7000/10001]	 3.757it/s	 time: 0:31:03~0:13:18	 loss: 1.027>0.646	 lr: 0.00013238 ▼
model [burger_aniso_cp7000] saved to _checkpoints...
[7200/10001]	 3.758it/s	 time: 0:31:56~0:12:25	 loss: 0.951>0.581	 lr: 0.00010788 ▼
[7400/10001]	 3.756it/s	 time: 0:32:50~0:11:32	 loss: 0.891>0.558	 lr: 8.338e-05 ▼
[7600/10001]	 3.759it/s	 time: 0:33:42~0:10:38	 loss: 0.811>0.539	 lr: 5.888e-05 ▼
[7800/10001]	 3.759it/s	 time: 0:34:35~0:09:45	 loss: 0.8>0.501	 lr: 3.438e-05 ▼
[8000/10001]	 3.759it/s	 time: 0:35:28~0:08:52	 loss: 0.744>0.479	 lr: 1.006e-05 ▼
model [burger_aniso_cp8000] saved to _checkpoints...
[8200/10001]	 3.76it/s	 time: 0:36:21~0:07:58	 loss: 0.741>0.475	 lr: 2.231e-05 ▲
[8400/10001]	 3.76it/s	 time: 0:37:14~0:07:05	 loss: 0.722>0.466	 lr: 3.456e-05 ▲
[8600/10001]	 3.76it/s	 time: 0:38:07~0:06:12	 loss: 0.744>0.466	 lr: 4.681e-05 ▲
[8800/10001]	 3.761it/s	 time: 0:39:00~0:05:19	 loss: 0.752>0.466	 lr: 5.906e-05 ▲
[9000/10001]	 3.761it/s	 time: 0:39:53~0:04:25	 loss: 0.742>0.466	 lr: 7.131e-05 ▲
model [burger_aniso_cp9000] saved to _checkpoints...
[9200/10001]	 3.76it/s	 time: 0:40:47~0:03:32	 loss: 0.718>0.466	 lr: 8.356e-05 ▲
[9400/10001]	 3.762it/s	 time: 0:41:39~0:02:39	 loss: 0.737>0.462	 lr: 9.581e-05 ▲
[9600/10001]	 3.76it/s	 time: 0:42:33~0:01:46	 loss: 0.739>0.455	 lr: 0.00010806 ▲
[9800/10001]	 3.762it/s	 time: 0:43:25~0:00:53	 loss: 0.786>0.455	 lr: 0.00012031 ▲
[10000/10001]	 3.762it/s	 time: 0:44:18~0:00:00	 loss: 0.713>0.432	 lr: 0.00013244 ▲
model [burger_aniso_cp10000] saved to _checkpoints...
train time: 0:44:18
model [burger_aniso] saved to _models...
starting time: 11:44:34
generating videos...
created video: _models/burger_aniso/vid_burger_aniso_grow.mp4, gen-time: 0:08:18
created video: _models/burger_aniso/vid_burger_aniso_multi_regen.mp4, gen-time: 0:35:30
created video: _models/burger_aniso/vid_burger_aniso_multi_rotate.mp4, gen-time: 0:28:21
elapsed time: 1:56:49
****************
