****************
initializing training...
device: cuda
nca perception channels: 80
nca parameter count: 12416
training new model from scratch...
model: oak_aniso
type: ANISOTROPIC
batch-size: 4
pool-size: 32
lr: 0.001>1e-05 w/ 2000 step
seed.shape: [1, 16, 32, 32, 32]
target.shape: [4, 4, 32, 32, 32]
pool.shape: [32, 16, 32, 32, 32]
starting training w/ 20001 epochs...
[200/20001]	 1.709it/s	 time: 0:01:57~3:13:03	 loss: 1426.356>22.38	 lr: 0.00010949 ▲
[400/20001]	 1.724it/s	 time: 0:03:52~3:09:28	 loss: 6128.244>21.579	 lr: 0.00020849 ▲
[600/20001]	 1.724it/s	 time: 0:05:48~3:07:32	 loss: 1939.204>21.007	 lr: 0.0003075 ▲
[800/20001]	 1.72it/s	 time: 0:07:45~3:06:00	 loss: 41.95>19.737	 lr: 0.0004065 ▲
[1000/20001]	 1.724it/s	 time: 0:09:40~3:03:40	 loss: 27.874>15.31	 lr: 0.00050549 ▲
model [oak_aniso_cp1000] saved to _checkpoints...
[1200/20001]	 1.727it/s	 time: 0:11:35~3:01:28	 loss: 15.586>12.371	 lr: 0.0006045 ▲
[1400/20001]	 1.726it/s	 time: 0:13:31~2:59:34	 loss: 14.765>11.487	 lr: 0.0007035 ▲
[1600/20001]	 1.724it/s	 time: 0:15:28~2:57:52	 loss: 12.215>10.103	 lr: 0.0008025 ▲
[1800/20001]	 1.724it/s	 time: 0:17:24~2:55:56	 loss: 10.155>8.247	 lr: 0.0009015 ▲
[2000/20001]	 1.724it/s	 time: 0:19:20~2:54:00	 loss: 9.402>7.51	 lr: 0.00099951 ▲
model [oak_aniso_cp2000] saved to _checkpoints...
[2200/20001]	 1.725it/s	 time: 0:21:15~2:51:55	 loss: 7.871>6.829	 lr: 0.0009005 ▼
[2400/20001]	 1.725it/s	 time: 0:23:11~2:50:00	 loss: 7.205>6.014	 lr: 0.00080151 ▼
[2600/20001]	 1.726it/s	 time: 0:25:06~2:47:58	 loss: 6.201>5.035	 lr: 0.00070251 ▼
[2800/20001]	 1.726it/s	 time: 0:27:02~2:46:03	 loss: 5.579>4.697	 lr: 0.0006035 ▼
[3000/20001]	 1.726it/s	 time: 0:28:58~2:44:08	 loss: 4.853>3.932	 lr: 0.00050451 ▼
model [oak_aniso_cp3000] saved to _checkpoints...
[3200/20001]	 1.726it/s	 time: 0:30:54~2:42:13	 loss: 4.421>3.484	 lr: 0.0004055 ▼
[3400/20001]	 1.728it/s	 time: 0:32:48~2:40:08	 loss: 4.02>3.322	 lr: 0.00030651 ▼
[3600/20001]	 1.728it/s	 time: 0:34:43~2:38:09	 loss: 3.521>2.851	 lr: 0.0002075 ▼
[3800/20001]	 1.728it/s	 time: 0:36:39~2:36:14	 loss: 3.153>2.549	 lr: 0.0001085 ▼
[4000/20001]	 1.727it/s	 time: 0:38:36~2:34:24	 loss: 2.876>2.348	 lr: 1.025e-05 ▼
model [oak_aniso_cp4000] saved to _checkpoints...
[4200/20001]	 1.728it/s	 time: 0:40:31~2:32:25	 loss: 2.796>2.314	 lr: 5.975e-05 ▲
[4400/20001]	 1.728it/s	 time: 0:42:26~2:30:26	 loss: 2.823>2.314	 lr: 0.00010925 ▲
[4600/20001]	 1.727it/s	 time: 0:44:23~2:28:35	 loss: 2.821>2.294	 lr: 0.00015875 ▲
[4800/20001]	 1.728it/s	 time: 0:46:18~2:26:37	 loss: 2.78>2.245	 lr: 0.00020825 ▲
[5000/20001]	 1.729it/s	 time: 0:48:12~2:24:36	 loss: 2.898>2.245	 lr: 0.00025775 ▲
model [oak_aniso_cp5000] saved to _checkpoints...
[5200/20001]	 1.729it/s	 time: 0:50:08~2:22:41	 loss: 2.974>2.234	 lr: 0.00030725 ▲
[5400/20001]	 1.729it/s	 time: 0:52:03~2:20:43	 loss: 2.811>2.158	 lr: 0.00035675 ▲
[5600/20001]	 1.729it/s	 time: 0:53:59~2:18:48	 loss: 2.884>2.158	 lr: 0.00040625 ▲
[5800/20001]	 1.729it/s	 time: 0:55:55~2:16:53	 loss: 2.908>2.158	 lr: 0.00045575 ▲
[6000/20001]	 1.73it/s	 time: 0:57:49~2:14:54	 loss: 2.997>2.158	 lr: 0.00050475 ▲
model [oak_aniso_cp6000] saved to _checkpoints...
[6200/20001]	 1.73it/s	 time: 0:59:44~2:12:57	 loss: 2.925>2.055	 lr: 0.00045525 ▼
[6400/20001]	 1.73it/s	 time: 1:01:39~2:11:00	 loss: 2.718>2.03	 lr: 0.00040575 ▼
[6600/20001]	 1.73it/s	 time: 1:03:35~2:09:05	 loss: 2.463>1.836	 lr: 0.00035625 ▼
[6800/20001]	 1.729it/s	 time: 1:05:32~2:07:12	 loss: 2.194>1.682	 lr: 0.00030675 ▼
[7000/20001]	 1.73it/s	 time: 1:07:27~2:05:15	 loss: 2.092>1.575	 lr: 0.00025725 ▼
model [oak_aniso_cp7000] saved to _checkpoints...
[7200/20001]	 1.73it/s	 time: 1:09:22~2:03:19	 loss: 1.985>1.47	 lr: 0.00020775 ▼
[7400/20001]	 1.729it/s	 time: 1:11:19~2:01:25	 loss: 1.834>1.396	 lr: 0.00015825 ▼
[7600/20001]	 1.729it/s	 time: 1:13:15~1:59:30	 loss: 1.74>1.288	 lr: 0.00010875 ▼
[7800/20001]	 1.73it/s	 time: 1:15:09~1:57:32	 loss: 1.664>1.221	 lr: 5.925e-05 ▼
[8000/20001]	 1.73it/s	 time: 1:17:04~1:55:35	 loss: 1.559>1.172	 lr: 1.012e-05 ▼
model [oak_aniso_cp8000] saved to _checkpoints...
[8200/20001]	 1.73it/s	 time: 1:18:59~1:53:39	 loss: 1.558>1.136	 lr: 3.487e-05 ▲
[8400/20001]	 1.731it/s	 time: 1:20:53~1:51:41	 loss: 1.564>1.135	 lr: 5.962e-05 ▲
[8600/20001]	 1.731it/s	 time: 1:22:49~1:49:46	 loss: 1.554>1.135	 lr: 8.437e-05 ▲
[8800/20001]	 1.73it/s	 time: 1:24:46~1:47:53	 loss: 1.608>1.135	 lr: 0.00010912 ▲
[9000/20001]	 1.73it/s	 time: 1:26:42~1:45:57	 loss: 1.577>1.135	 lr: 0.00013387 ▲
model [oak_aniso_cp9000] saved to _checkpoints...
[9200/20001]	 1.73it/s	 time: 1:28:38~1:44:02	 loss: 1.689>1.135	 lr: 0.00015862 ▲
[9400/20001]	 1.73it/s	 time: 1:30:33~1:42:06	 loss: 1.666>1.135	 lr: 0.00018337 ▲
[9600/20001]	 1.73it/s	 time: 1:32:30~1:40:12	 loss: 1.761>1.135	 lr: 0.00020812 ▲
[9800/20001]	 1.729it/s	 time: 1:34:27~1:38:18	 loss: 1.662>1.135	 lr: 0.00023287 ▲
[10000/20001]	 1.729it/s	 time: 1:36:23~1:36:23	 loss: 1.651>1.135	 lr: 0.00025738 ▲
model [oak_aniso_cp10000] saved to _checkpoints...
[10200/20001]	 1.729it/s	 time: 1:38:18~1:34:26	 loss: 1.703>1.135	 lr: 0.00023263 ▼
[10400/20001]	 1.729it/s	 time: 1:40:14~1:32:31	 loss: 1.572>1.135	 lr: 0.00020788 ▼
[10600/20001]	 1.73it/s	 time: 1:42:08~1:30:34	 loss: 1.578>1.107	 lr: 0.00018313 ▼
[10800/20001]	 1.729it/s	 time: 1:44:05~1:28:39	 loss: 1.518>1.07	 lr: 0.00015838 ▼
[11000/20001]	 1.729it/s	 time: 1:46:01~1:26:44	 loss: 1.448>1.05	 lr: 0.00013363 ▼
model [oak_aniso_cp11000] saved to _checkpoints...
[11200/20001]	 1.729it/s	 time: 1:47:56~1:24:48	 loss: 1.428>1.012	 lr: 0.00010888 ▼
[11400/20001]	 1.729it/s	 time: 1:49:52~1:22:52	 loss: 1.326>0.97	 lr: 8.413e-05 ▼
[11600/20001]	 1.729it/s	 time: 1:51:48~1:20:57	 loss: 1.324>0.942	 lr: 5.938e-05 ▼
[11800/20001]	 1.729it/s	 time: 1:53:44~1:19:02	 loss: 1.264>0.933	 lr: 3.463e-05 ▼
[12000/20001]	 1.73it/s	 time: 1:55:38~1:17:05	 loss: 1.268>0.897	 lr: 1.006e-05 ▼
model [oak_aniso_cp12000] saved to _checkpoints...
[12200/20001]	 1.73it/s	 time: 1:57:33~1:15:09	 loss: 1.232>0.878	 lr: 2.244e-05 ▲
[12400/20001]	 1.73it/s	 time: 1:59:28~1:13:13	 loss: 1.238>0.878	 lr: 3.481e-05 ▲
[12600/20001]	 1.73it/s	 time: 2:01:22~1:11:16	 loss: 1.247>0.878	 lr: 4.719e-05 ▲
[12800/20001]	 1.73it/s	 time: 2:03:17~1:09:20	 loss: 1.256>0.878	 lr: 5.956e-05 ▲
[13000/20001]	 1.73it/s	 time: 2:05:13~1:07:25	 loss: 1.247>0.878	 lr: 7.194e-05 ▲
model [oak_aniso_cp13000] saved to _checkpoints...
[13200/20001]	 1.731it/s	 time: 2:07:05~1:05:28	 loss: 1.301>0.878	 lr: 8.431e-05 ▲
[13400/20001]	 1.731it/s	 time: 2:09:01~1:03:32	 loss: 1.274>0.878	 lr: 9.669e-05 ▲
[13600/20001]	 1.731it/s	 time: 2:10:56~1:01:36	 loss: 1.269>0.878	 lr: 0.00010906 ▲
[13800/20001]	 1.731it/s	 time: 2:12:51~0:59:41	 loss: 1.301>0.878	 lr: 0.00012144 ▲
[14000/20001]	 1.731it/s	 time: 2:14:46~0:57:45	 loss: 1.293>0.878	 lr: 0.00013369 ▲
model [oak_aniso_cp14000] saved to _checkpoints...
[14200/20001]	 1.731it/s	 time: 2:16:42~0:55:50	 loss: 1.275>0.878	 lr: 0.00012131 ▼
[14400/20001]	 1.731it/s	 time: 2:18:38~0:53:54	 loss: 1.269>0.878	 lr: 0.00010894 ▼
[14600/20001]	 1.731it/s	 time: 2:20:35~0:51:59	 loss: 1.242>0.876	 lr: 9.656e-05 ▼
[14800/20001]	 1.731it/s	 time: 2:22:31~0:50:04	 loss: 1.208>0.86	 lr: 8.419e-05 ▼
[15000/20001]	 1.731it/s	 time: 2:24:26~0:48:08	 loss: 1.199>0.847	 lr: 7.181e-05 ▼
model [oak_aniso_cp15000] saved to _checkpoints...
[15200/20001]	 1.731it/s	 time: 2:26:22~0:46:13	 loss: 1.154>0.835	 lr: 5.944e-05 ▼
[15400/20001]	 1.731it/s	 time: 2:28:19~0:44:18	 loss: 1.143>0.824	 lr: 4.706e-05 ▼
[15600/20001]	 1.73it/s	 time: 2:30:16~0:42:22	 loss: 1.112>0.8	 lr: 3.469e-05 ▼
[15800/20001]	 1.73it/s	 time: 2:32:11~0:40:27	 loss: 1.094>0.794	 lr: 2.231e-05 ▼
[16000/20001]	 1.73it/s	 time: 2:34:06~0:38:31	 loss: 1.08>0.779	 lr: 1.003e-05 ▼
model [oak_aniso_cp16000] saved to _checkpoints...
[16200/20001]	 1.73it/s	 time: 2:36:02~0:36:36	 loss: 1.086>0.766	 lr: 1.622e-05 ▲
[16400/20001]	 1.731it/s	 time: 2:37:57~0:34:40	 loss: 1.076>0.745	 lr: 2.241e-05 ▲
[16600/20001]	 1.73it/s	 time: 2:39:53~0:32:44	 loss: 1.087>0.745	 lr: 2.859e-05 ▲
[16800/20001]	 1.73it/s	 time: 2:41:49~0:30:49	 loss: 1.075>0.745	 lr: 3.478e-05 ▲
[17000/20001]	 1.73it/s	 time: 2:43:45~0:28:53	 loss: 1.124>0.745	 lr: 4.097e-05 ▲
model [oak_aniso_cp17000] saved to _checkpoints...
[17200/20001]	 1.73it/s	 time: 2:45:41~0:26:58	 loss: 1.114>0.745	 lr: 4.716e-05 ▲
[17400/20001]	 1.73it/s	 time: 2:47:35~0:25:02	 loss: 1.115>0.745	 lr: 5.334e-05 ▲
[17600/20001]	 1.731it/s	 time: 2:49:30~0:23:06	 loss: 1.131>0.745	 lr: 5.953e-05 ▲
[17800/20001]	 1.731it/s	 time: 2:51:26~0:21:11	 loss: 1.102>0.745	 lr: 6.572e-05 ▲
[18000/20001]	 1.731it/s	 time: 2:53:21~0:19:15	 loss: 1.126>0.745	 lr: 7.184e-05 ▲
model [oak_aniso_cp18000] saved to _checkpoints...
[18200/20001]	 1.731it/s	 time: 2:55:17~0:17:20	 loss: 1.111>0.745	 lr: 6.566e-05 ▼
[18400/20001]	 1.73it/s	 time: 2:57:13~0:15:24	 loss: 1.126>0.745	 lr: 5.947e-05 ▼
[18600/20001]	 1.731it/s	 time: 2:59:08~0:13:28	 loss: 1.094>0.745	 lr: 5.328e-05 ▼
[18800/20001]	 1.73it/s	 time: 3:01:04~0:11:33	 loss: 1.085>0.745	 lr: 4.709e-05 ▼
[19000/20001]	 1.73it/s	 time: 3:03:01~0:09:37	 loss: 1.08>0.745	 lr: 4.091e-05 ▼
model [oak_aniso_cp19000] saved to _checkpoints...
[19200/20001]	 1.73it/s	 time: 3:04:56~0:07:42	 loss: 1.062>0.745	 lr: 3.472e-05 ▼
[19400/20001]	 1.73it/s	 time: 3:06:51~0:05:46	 loss: 1.072>0.738	 lr: 2.853e-05 ▼
[19600/20001]	 1.73it/s	 time: 3:08:48~0:03:51	 loss: 1.02>0.717	 lr: 2.234e-05 ▼
[19800/20001]	 1.73it/s	 time: 3:10:46~0:01:55	 loss: 1.032>0.707	 lr: 1.616e-05 ▼
[20000/20001]	 1.73it/s	 time: 3:12:42~0:00:00	 loss: 1.03>0.707	 lr: 1.002e-05 ▼
model [oak_aniso_cp20000] saved to _checkpoints...
train time: 3:12:42
model [oak_aniso] saved to _models...
generating videos...
created video: _videos/oak_aniso_grow.mp4, gen-time: 0:18:43
created video: _videos/oak_aniso_multi_regen.mp4, gen-time: 1:18:32
created video: _videos/oak_aniso_multi_rotate.mp4, gen-time: 1:06:32
elapsed time: 5:56:50
****************
