000 (774072.000.000) 2023-11-01 23:01:50 Job submitted from host: <128.83.120.183:9618?addrs=128.83.120.183-9618&alias=darmok.cs.utexas.edu&noUDP&sock=schedd_1340_b4ff>
...
001 (774072.000.000) 2023-11-01 23:01:53 Job executing on host: <128.83.120.196:9618?addrs=128.83.120.196-9618&alias=nandor-5.cs.utexas.edu&noUDP&sock=startd_2561_3622>
...
006 (774072.000.000) 2023-11-01 23:02:02 Image size of job updated: 347816
	203  -  MemoryUsage of job (MB)
	207740  -  ResidentSetSize of job (KB)
...
006 (774072.000.000) 2023-11-01 23:07:03 Image size of job updated: 41890868
	558  -  MemoryUsage of job (MB)
	570380  -  ResidentSetSize of job (KB)
...
006 (774072.000.000) 2023-11-01 23:08:06 Image size of job updated: 41892120
	558  -  MemoryUsage of job (MB)
	570380  -  ResidentSetSize of job (KB)
...
005 (774072.000.000) 2023-11-01 23:08:06 Job terminated.
	(1) Normal termination (return value 0)
		Usr 0 00:06:10, Sys 0 00:00:36  -  Run Remote Usage
		Usr 0 00:00:00, Sys 0 00:00:00  -  Run Local Usage
		Usr 0 00:06:10, Sys 0 00:00:36  -  Total Remote Usage
		Usr 0 00:00:00, Sys 0 00:00:00  -  Total Local Usage
	0  -  Run Bytes Sent By Job
	0  -  Run Bytes Received By Job
	0  -  Total Bytes Sent By Job
	0  -  Total Bytes Received By Job
	Partitionable Resources :    Usage  Request Allocated Assigned
	   Cpus                 :     1.05       80        80 
	   Disk (KB)            :     1           1     75272 
	   Gpus (Average)       :     0.00        8         8 "GPU-686e454b,GPU-cb8ab85b,GPU-83975600,GPU-6f99e44b,GPU-55ef9753,GPU-1a6765ed,GPU-ba79a9e9,GPU-7e0616d1"
	   GpusMemory (MB)      :   353                       
	   Memory (MB)          :   558           1       128 

	Job terminated of its own accord at 2023-11-02T04:08:06Z.
...
000 (774528.000.000) 2023-11-02 06:56:25 Job submitted from host: <128.83.120.183:9618?addrs=128.83.120.183-9618&alias=darmok.cs.utexas.edu&noUDP&sock=schedd_1340_b4ff>
...
001 (774528.000.000) 2023-11-02 06:56:35 Job executing on host: <128.83.120.196:9618?addrs=128.83.120.196-9618&alias=nandor-5.cs.utexas.edu&noUDP&sock=startd_2561_3622>
...
006 (774528.000.000) 2023-11-02 06:56:43 Image size of job updated: 323364
	180  -  MemoryUsage of job (MB)
	183316  -  ResidentSetSize of job (KB)
...
009 (774528.000.000) 2023-11-02 07:08:47 Job was aborted.
	via condor_rm (by user marco)
...
000 (774529.000.000) 2023-11-02 07:09:46 Job submitted from host: <128.83.120.183:9618?addrs=128.83.120.183-9618&alias=darmok.cs.utexas.edu&noUDP&sock=schedd_1340_b4ff>
...
001 (774529.000.000) 2023-11-02 07:10:29 Job executing on host: <128.83.120.196:9618?addrs=128.83.120.196-9618&alias=nandor-5.cs.utexas.edu&noUDP&sock=startd_2561_3622>
...
006 (774529.000.000) 2023-11-02 07:10:38 Image size of job updated: 760776
	490  -  MemoryUsage of job (MB)
	501416  -  ResidentSetSize of job (KB)
...
006 (774529.000.000) 2023-11-02 07:15:39 Image size of job updated: 41797400
	798  -  MemoryUsage of job (MB)
	816928  -  ResidentSetSize of job (KB)
...
006 (774529.000.000) 2023-11-02 07:20:40 Image size of job updated: 41854508
	855  -  MemoryUsage of job (MB)
	875364  -  ResidentSetSize of job (KB)
...
006 (774529.000.000) 2023-11-02 07:25:40 Image size of job updated: 41890436
	894  -  MemoryUsage of job (MB)
	914572  -  ResidentSetSize of job (KB)
...
006 (774529.000.000) 2023-11-02 07:30:41 Image size of job updated: 41954344
	949  -  MemoryUsage of job (MB)
	970900  -  ResidentSetSize of job (KB)
...
006 (774529.000.000) 2023-11-02 07:35:42 Image size of job updated: 41976360
	976  -  MemoryUsage of job (MB)
	999072  -  ResidentSetSize of job (KB)
...
006 (774529.000.000) 2023-11-02 07:40:42 Image size of job updated: 42008436
	1008  -  MemoryUsage of job (MB)
	1032096  -  ResidentSetSize of job (KB)
...
006 (774529.000.000) 2023-11-02 07:45:43 Image size of job updated: 42028916
	1029  -  MemoryUsage of job (MB)
	1052960  -  ResidentSetSize of job (KB)
...
006 (774529.000.000) 2023-11-02 07:50:44 Image size of job updated: 42053040
	1053  -  MemoryUsage of job (MB)
	1077336  -  ResidentSetSize of job (KB)
...
006 (774529.000.000) 2023-11-02 07:55:44 Image size of job updated: 42068912
	1068  -  MemoryUsage of job (MB)
	1093172  -  ResidentSetSize of job (KB)
...
006 (774529.000.000) 2023-11-02 08:00:44 Image size of job updated: 42081200
	1080  -  MemoryUsage of job (MB)
	1105680  -  ResidentSetSize of job (KB)
...
006 (774529.000.000) 2023-11-02 08:05:45 Image size of job updated: 42104752
	1103  -  MemoryUsage of job (MB)
	1129460  -  ResidentSetSize of job (KB)
...
006 (774529.000.000) 2023-11-02 08:10:45 Image size of job updated: 42155696
	1162  -  MemoryUsage of job (MB)
	1189204  -  ResidentSetSize of job (KB)
...
006 (774529.000.000) 2023-11-02 08:15:45 Image size of job updated: 42184368
	1181  -  MemoryUsage of job (MB)
	1209180  -  ResidentSetSize of job (KB)
...
006 (774529.000.000) 2023-11-02 08:20:46 Image size of job updated: 42250752
	1248  -  MemoryUsage of job (MB)
	1277660  -  ResidentSetSize of job (KB)
...
006 (774529.000.000) 2023-11-02 08:25:46 Image size of job updated: 42288856
	1283  -  MemoryUsage of job (MB)
	1313720  -  ResidentSetSize of job (KB)
...
006 (774529.000.000) 2023-11-02 08:30:46 Image size of job updated: 42314236
	1308  -  MemoryUsage of job (MB)
	1339288  -  ResidentSetSize of job (KB)
...
006 (774529.000.000) 2023-11-02 08:35:47 Image size of job updated: 42341092
	1334  -  MemoryUsage of job (MB)
	1365684  -  ResidentSetSize of job (KB)
...
006 (774529.000.000) 2023-11-02 08:40:48 Image size of job updated: 42341092
	1334  -  MemoryUsage of job (MB)
	1365700  -  ResidentSetSize of job (KB)
...
006 (774529.000.000) 2023-11-02 08:45:48 Image size of job updated: 42374372
	1367  -  MemoryUsage of job (MB)
	1398844  -  ResidentSetSize of job (KB)
...
006 (774529.000.000) 2023-11-02 08:50:49 Image size of job updated: 42402020
	1394  -  MemoryUsage of job (MB)
	1426468  -  ResidentSetSize of job (KB)
...
006 (774529.000.000) 2023-11-02 08:55:50 Image size of job updated: 42416356
	1408  -  MemoryUsage of job (MB)
	1441040  -  ResidentSetSize of job (KB)
...
006 (774529.000.000) 2023-11-02 09:00:50 Image size of job updated: 42503516
	1491  -  MemoryUsage of job (MB)
	1526612  -  ResidentSetSize of job (KB)
...
006 (774529.000.000) 2023-11-02 09:05:50 Image size of job updated: 42517340
	1524  -  MemoryUsage of job (MB)
	1560404  -  ResidentSetSize of job (KB)
...
006 (774529.000.000) 2023-11-02 09:10:51 Image size of job updated: 42630772
	1618  -  MemoryUsage of job (MB)
	1656060  -  ResidentSetSize of job (KB)
...
006 (774529.000.000) 2023-11-02 09:15:51 Image size of job updated: 42677096
	1618  -  MemoryUsage of job (MB)
	1656664  -  ResidentSetSize of job (KB)
...
006 (774529.000.000) 2023-11-02 09:20:51 Image size of job updated: 42677096
	1637  -  MemoryUsage of job (MB)
	1675888  -  ResidentSetSize of job (KB)
...
006 (774529.000.000) 2023-11-02 09:25:52 Image size of job updated: 42677096
	1652  -  MemoryUsage of job (MB)
	1691592  -  ResidentSetSize of job (KB)
...
006 (774529.000.000) 2023-11-02 09:30:52 Image size of job updated: 42677096
	1655  -  MemoryUsage of job (MB)
	1694032  -  ResidentSetSize of job (KB)
...
006 (774529.000.000) 2023-11-02 09:35:52 Image size of job updated: 42677096
	1657  -  MemoryUsage of job (MB)
	1696236  -  ResidentSetSize of job (KB)
...
006 (774529.000.000) 2023-11-02 09:40:53 Image size of job updated: 42677096
	1658  -  MemoryUsage of job (MB)
	1697612  -  ResidentSetSize of job (KB)
...
006 (774529.000.000) 2023-11-02 09:45:54 Image size of job updated: 42678052
	1660  -  MemoryUsage of job (MB)
	1699348  -  ResidentSetSize of job (KB)
...
006 (774529.000.000) 2023-11-02 09:50:54 Image size of job updated: 42678052
	1660  -  MemoryUsage of job (MB)
	1699396  -  ResidentSetSize of job (KB)
...
006 (774529.000.000) 2023-11-02 09:55:55 Image size of job updated: 42678052
	1660  -  MemoryUsage of job (MB)
	1699448  -  ResidentSetSize of job (KB)
...
006 (774529.000.000) 2023-11-02 10:00:56 Image size of job updated: 42678052
	1661  -  MemoryUsage of job (MB)
	1700336  -  ResidentSetSize of job (KB)
...
006 (774529.000.000) 2023-11-02 10:05:56 Image size of job updated: 42705576
	1688  -  MemoryUsage of job (MB)
	1728012  -  ResidentSetSize of job (KB)
...
006 (774529.000.000) 2023-11-02 10:10:57 Image size of job updated: 42735272
	1717  -  MemoryUsage of job (MB)
	1757756  -  ResidentSetSize of job (KB)
...
006 (774529.000.000) 2023-11-02 10:15:58 Image size of job updated: 42788776
	1769  -  MemoryUsage of job (MB)
	1811280  -  ResidentSetSize of job (KB)
...
006 (774529.000.000) 2023-11-02 10:20:58 Image size of job updated: 42853632
	1832  -  MemoryUsage of job (MB)
	1875112  -  ResidentSetSize of job (KB)
...
006 (774529.000.000) 2023-11-02 11:06:02 Image size of job updated: 42859148
	1839  -  MemoryUsage of job (MB)
	1882808  -  ResidentSetSize of job (KB)
...
006 (774529.000.000) 2023-11-02 11:11:02 Image size of job updated: 42867596
	1848  -  MemoryUsage of job (MB)
	1891564  -  ResidentSetSize of job (KB)
...
006 (774529.000.000) 2023-11-02 11:16:03 Image size of job updated: 42874764
	1855  -  MemoryUsage of job (MB)
	1898816  -  ResidentSetSize of job (KB)
...
006 (774529.000.000) 2023-11-02 11:20:23 Image size of job updated: 42883468
	1855  -  MemoryUsage of job (MB)
	1898816  -  ResidentSetSize of job (KB)
...
005 (774529.000.000) 2023-11-02 11:20:23 Job terminated.
	(1) Normal termination (return value 0)
		Usr 0 04:09:56, Sys 0 00:03:45  -  Run Remote Usage
		Usr 0 00:00:00, Sys 0 00:00:00  -  Run Local Usage
		Usr 0 04:09:56, Sys 0 00:03:45  -  Total Remote Usage
		Usr 0 00:00:00, Sys 0 00:00:00  -  Total Local Usage
	0  -  Run Bytes Sent By Job
	0  -  Run Bytes Received By Job
	0  -  Total Bytes Sent By Job
	0  -  Total Bytes Received By Job
	Partitionable Resources :    Usage  Request Allocated Assigned
	   Cpus                 :     1.02       80        80 
	   Disk (KB)            :     1           1     75272 
	   Gpus (Average)       :     0.00        8         8 "GPU-686e454b,GPU-cb8ab85b,GPU-83975600,GPU-6f99e44b,GPU-55ef9753,GPU-1a6765ed,GPU-ba79a9e9,GPU-7e0616d1"
	   GpusMemory (MB)      :   353                       
	   Memory (MB)          :  1855           1       128 

	Job terminated of its own accord at 2023-11-02T16:20:23Z.
...
000 (777904.000.000) 2023-11-03 00:28:17 Job submitted from host: <128.83.120.183:9618?addrs=128.83.120.183-9618&alias=darmok.cs.utexas.edu&noUDP&sock=schedd_1340_b4ff>
...
009 (777904.000.000) 2023-11-03 09:56:47 Job was aborted.
	via condor_rm (by user marco)
...
000 (777906.000.000) 2023-11-03 10:03:21 Job submitted from host: <128.83.120.183:9618?addrs=128.83.120.183-9618&alias=darmok.cs.utexas.edu&noUDP&sock=schedd_1340_b4ff>
...
009 (777906.000.000) 2023-11-03 10:09:26 Job was aborted.
	via condor_rm (by user marco)
...
000 (777907.000.000) 2023-11-03 10:09:54 Job submitted from host: <128.83.120.183:9618?addrs=128.83.120.183-9618&alias=darmok.cs.utexas.edu&noUDP&sock=schedd_1340_b4ff>
...
001 (777907.000.000) 2023-11-03 13:19:11 Job executing on host: <128.83.120.173:9618?addrs=128.83.120.173-9618&alias=nandor-2.cs.utexas.edu&noUDP&sock=startd_2577_2fa6>
...
006 (777907.000.000) 2023-11-03 13:19:20 Image size of job updated: 336420
	193  -  MemoryUsage of job (MB)
	197088  -  ResidentSetSize of job (KB)
...
006 (777907.000.000) 2023-11-03 13:24:21 Image size of job updated: 39823908
	780  -  MemoryUsage of job (MB)
	797960  -  ResidentSetSize of job (KB)
...
006 (777907.000.000) 2023-11-03 13:29:21 Image size of job updated: 39887748
	842  -  MemoryUsage of job (MB)
	861808  -  ResidentSetSize of job (KB)
...
006 (777907.000.000) 2023-11-03 13:34:21 Image size of job updated: 39938220
	891  -  MemoryUsage of job (MB)
	911608  -  ResidentSetSize of job (KB)
...
006 (777907.000.000) 2023-11-03 13:39:23 Image size of job updated: 39984696
	935  -  MemoryUsage of job (MB)
	957176  -  ResidentSetSize of job (KB)
...
006 (777907.000.000) 2023-11-03 13:44:23 Image size of job updated: 40064400
	1011  -  MemoryUsage of job (MB)
	1034896  -  ResidentSetSize of job (KB)
...
006 (777907.000.000) 2023-11-03 13:49:23 Image size of job updated: 40120732
	1057  -  MemoryUsage of job (MB)
	1082112  -  ResidentSetSize of job (KB)
...
006 (777907.000.000) 2023-11-03 13:54:24 Image size of job updated: 40210104
	1152  -  MemoryUsage of job (MB)
	1179628  -  ResidentSetSize of job (KB)
...
006 (777907.000.000) 2023-11-03 13:59:25 Image size of job updated: 40264900
	1209  -  MemoryUsage of job (MB)
	1237760  -  ResidentSetSize of job (KB)
...
006 (777907.000.000) 2023-11-03 14:04:25 Image size of job updated: 40347612
	1276  -  MemoryUsage of job (MB)
	1306140  -  ResidentSetSize of job (KB)
...
006 (777907.000.000) 2023-11-03 14:09:26 Image size of job updated: 40419204
	1360  -  MemoryUsage of job (MB)
	1392144  -  ResidentSetSize of job (KB)
...
006 (777907.000.000) 2023-11-03 14:14:27 Image size of job updated: 40461376
	1402  -  MemoryUsage of job (MB)
	1435112  -  ResidentSetSize of job (KB)
...
006 (777907.000.000) 2023-11-03 14:19:27 Image size of job updated: 40530036
	1467  -  MemoryUsage of job (MB)
	1501424  -  ResidentSetSize of job (KB)
...
006 (777907.000.000) 2023-11-03 14:24:27 Image size of job updated: 40545396
	1483  -  MemoryUsage of job (MB)
	1518500  -  ResidentSetSize of job (KB)
...
006 (777907.000.000) 2023-11-03 14:29:28 Image size of job updated: 40577788
	1515  -  MemoryUsage of job (MB)
	1550908  -  ResidentSetSize of job (KB)
...
006 (777907.000.000) 2023-11-03 14:34:28 Image size of job updated: 40626896
	1563  -  MemoryUsage of job (MB)
	1600036  -  ResidentSetSize of job (KB)
...
006 (777907.000.000) 2023-11-03 14:39:28 Image size of job updated: 40690780
	1626  -  MemoryUsage of job (MB)
	1664524  -  ResidentSetSize of job (KB)
...
006 (777907.000.000) 2023-11-03 14:59:30 Image size of job updated: 40701488
	1630  -  MemoryUsage of job (MB)
	1668160  -  ResidentSetSize of job (KB)
...
006 (777907.000.000) 2023-11-03 15:04:31 Image size of job updated: 40742448
	1672  -  MemoryUsage of job (MB)
	1711832  -  ResidentSetSize of job (KB)
...
006 (777907.000.000) 2023-11-03 15:09:31 Image size of job updated: 40742448
	1674  -  MemoryUsage of job (MB)
	1713228  -  ResidentSetSize of job (KB)
...
006 (777907.000.000) 2023-11-03 15:14:32 Image size of job updated: 40748336
	1680  -  MemoryUsage of job (MB)
	1719448  -  ResidentSetSize of job (KB)
...
006 (777907.000.000) 2023-11-03 15:19:33 Image size of job updated: 40794160
	1725  -  MemoryUsage of job (MB)
	1765900  -  ResidentSetSize of job (KB)
...
006 (777907.000.000) 2023-11-03 15:24:33 Image size of job updated: 40868656
	1815  -  MemoryUsage of job (MB)
	1858432  -  ResidentSetSize of job (KB)
...
006 (777907.000.000) 2023-11-03 15:29:33 Image size of job updated: 40896816
	1825  -  MemoryUsage of job (MB)
	1868784  -  ResidentSetSize of job (KB)
...
006 (777907.000.000) 2023-11-03 15:34:35 Image size of job updated: 40959024
	1886  -  MemoryUsage of job (MB)
	1931072  -  ResidentSetSize of job (KB)
...
006 (777907.000.000) 2023-11-03 15:39:35 Image size of job updated: 40983344
	1886  -  MemoryUsage of job (MB)
	1931072  -  ResidentSetSize of job (KB)
...
006 (777907.000.000) 2023-11-03 15:49:36 Image size of job updated: 40987036
	1919  -  MemoryUsage of job (MB)
	1964544  -  ResidentSetSize of job (KB)
...
006 (777907.000.000) 2023-11-03 15:54:37 Image size of job updated: 41045128
	1973  -  MemoryUsage of job (MB)
	2019840  -  ResidentSetSize of job (KB)
...
006 (777907.000.000) 2023-11-03 15:59:37 Image size of job updated: 41085468
	2012  -  MemoryUsage of job (MB)
	2060196  -  ResidentSetSize of job (KB)
...
006 (777907.000.000) 2023-11-03 16:04:37 Image size of job updated: 41106596
	2033  -  MemoryUsage of job (MB)
	2081204  -  ResidentSetSize of job (KB)
...
006 (777907.000.000) 2023-11-03 16:09:38 Image size of job updated: 41132452
	2058  -  MemoryUsage of job (MB)
	2106960  -  ResidentSetSize of job (KB)
...
006 (777907.000.000) 2023-11-03 16:14:38 Image size of job updated: 41155492
	2081  -  MemoryUsage of job (MB)
	2130012  -  ResidentSetSize of job (KB)
...
006 (777907.000.000) 2023-11-03 16:19:38 Image size of job updated: 41215672
	2139  -  MemoryUsage of job (MB)
	2190180  -  ResidentSetSize of job (KB)
...
006 (777907.000.000) 2023-11-03 16:24:39 Image size of job updated: 41243988
	2167  -  MemoryUsage of job (MB)
	2218904  -  ResidentSetSize of job (KB)
...
006 (777907.000.000) 2023-11-03 16:29:39 Image size of job updated: 41285848
	2209  -  MemoryUsage of job (MB)
	2261388  -  ResidentSetSize of job (KB)
...
006 (777907.000.000) 2023-11-03 16:34:39 Image size of job updated: 41298648
	2222  -  MemoryUsage of job (MB)
	2274472  -  ResidentSetSize of job (KB)
...
006 (777907.000.000) 2023-11-03 16:39:40 Image size of job updated: 41352644
	2275  -  MemoryUsage of job (MB)
	2328624  -  ResidentSetSize of job (KB)
...
006 (777907.000.000) 2023-11-03 16:44:41 Image size of job updated: 41396384
	2317  -  MemoryUsage of job (MB)
	2372116  -  ResidentSetSize of job (KB)
...
006 (777907.000.000) 2023-11-03 16:49:41 Image size of job updated: 41521212
	2439  -  MemoryUsage of job (MB)
	2497096  -  ResidentSetSize of job (KB)
...
006 (777907.000.000) 2023-11-03 16:54:42 Image size of job updated: 41521212
	2439  -  MemoryUsage of job (MB)
	2497116  -  ResidentSetSize of job (KB)
...
006 (777907.000.000) 2023-11-03 16:59:43 Image size of job updated: 41598752
	2514  -  MemoryUsage of job (MB)
	2573948  -  ResidentSetSize of job (KB)
...
006 (777907.000.000) 2023-11-03 17:04:43 Image size of job updated: 41625120
	2540  -  MemoryUsage of job (MB)
	2600540  -  ResidentSetSize of job (KB)
...
006 (777907.000.000) 2023-11-03 17:09:43 Image size of job updated: 41639484
	2616  -  MemoryUsage of job (MB)
	2677836  -  ResidentSetSize of job (KB)
...
006 (777907.000.000) 2023-11-03 17:14:44 Image size of job updated: 41732744
	2642  -  MemoryUsage of job (MB)
	2704528  -  ResidentSetSize of job (KB)
...
006 (777907.000.000) 2023-11-03 17:19:44 Image size of job updated: 41732744
	2642  -  MemoryUsage of job (MB)
	2704880  -  ResidentSetSize of job (KB)
...
006 (777907.000.000) 2023-11-03 17:24:44 Image size of job updated: 41764468
	2682  -  MemoryUsage of job (MB)
	2746132  -  ResidentSetSize of job (KB)
...
006 (777907.000.000) 2023-11-03 17:29:45 Image size of job updated: 41806476
	2682  -  MemoryUsage of job (MB)
	2746132  -  ResidentSetSize of job (KB)
...
006 (777907.000.000) 2023-11-03 17:34:46 Image size of job updated: 41806476
	2698  -  MemoryUsage of job (MB)
	2762428  -  ResidentSetSize of job (KB)
...
006 (777907.000.000) 2023-11-03 17:39:46 Image size of job updated: 41806476
	2705  -  MemoryUsage of job (MB)
	2769672  -  ResidentSetSize of job (KB)
...
006 (777907.000.000) 2023-11-03 17:44:47 Image size of job updated: 41869680
	2779  -  MemoryUsage of job (MB)
	2845192  -  ResidentSetSize of job (KB)
...
006 (777907.000.000) 2023-11-03 17:49:48 Image size of job updated: 41881200
	2790  -  MemoryUsage of job (MB)
	2856736  -  ResidentSetSize of job (KB)
...
006 (777907.000.000) 2023-11-03 17:54:48 Image size of job updated: 41908892
	2798  -  MemoryUsage of job (MB)
	2864784  -  ResidentSetSize of job (KB)
...
006 (777907.000.000) 2023-11-03 17:59:48 Image size of job updated: 41909816
	2819  -  MemoryUsage of job (MB)
	2885876  -  ResidentSetSize of job (KB)
...
006 (777907.000.000) 2023-11-03 18:04:49 Image size of job updated: 41931392
	2839  -  MemoryUsage of job (MB)
	2907084  -  ResidentSetSize of job (KB)
...
